2019-06-26 14:09:43 [main] INFO  VideoApplication - Starting VideoApplication on guiliangyindeMacBook-Pro.local with PID 2197 (/Users/guiliangyin/video/target/classes started by guiliangyin in /Users/guiliangyin/video)
2019-06-26 14:09:43 [main] INFO  VideoApplication - The following profiles are active: dev
2019-06-26 14:09:44 [main] INFO  o.s.b.w.e.tomcat.TomcatWebServer - Tomcat initialized with port(s): 8000 (http)
2019-06-26 14:09:44 [main] INFO  o.a.coyote.http11.Http11NioProtocol - Initializing ProtocolHandler ["http-nio-8000"]
2019-06-26 14:09:44 [main] INFO  o.a.catalina.core.StandardService - Starting service [Tomcat]
2019-06-26 14:09:44 [main] INFO  o.a.catalina.core.StandardEngine - Starting Servlet Engine: Apache Tomcat/9.0.13
2019-06-26 14:09:44 [main] INFO  o.a.c.core.AprLifecycleListener - The APR based Apache Tomcat Native library which allows optimal performance in production environments was not found on the java.library.path: [/Users/guiliangyin/Library/Java/Extensions:/Library/Java/Extensions:/Network/Library/Java/Extensions:/System/Library/Java/Extensions:/usr/lib/java:.]
2019-06-26 14:09:44 [main] INFO  o.a.c.c.C.[Tomcat].[localhost].[/] - Initializing Spring embedded WebApplicationContext
2019-06-26 14:09:44 [main] DEBUG o.s.web.context.ContextLoader - Published root WebApplicationContext as ServletContext attribute with name [org.springframework.web.context.WebApplicationContext.ROOT]
2019-06-26 14:09:44 [main] INFO  o.s.web.context.ContextLoader - Root WebApplicationContext: initialization completed in 903 ms
2019-06-26 14:09:44 [main] INFO  com.zaxxer.hikari.HikariDataSource - HikariPool-1 - Starting...
2019-06-26 14:09:44 [main] INFO  com.zaxxer.hikari.HikariDataSource - HikariPool-1 - Start completed.
2019-06-26 14:09:44 [main] DEBUG o.s.w.s.h.SimpleUrlHandlerMapping - Patterns [/**/favicon.ico] in 'faviconHandlerMapping'
2019-06-26 14:09:44 [main] INFO  o.s.s.c.ThreadPoolTaskExecutor - Initializing ExecutorService 'applicationTaskExecutor'
2019-06-26 14:09:44 [main] DEBUG o.s.w.s.m.m.a.RequestMappingHandlerAdapter - ControllerAdvice beans: 0 @ModelAttribute, 0 @InitBinder, 1 RequestBodyAdvice, 1 ResponseBodyAdvice
2019-06-26 14:09:44 [main] DEBUG o.s.w.s.m.m.a.RequestMappingHandlerMapping - 4 mappings in 'requestMappingHandlerMapping'
2019-06-26 14:09:44 [main] DEBUG o.s.w.s.h.SimpleUrlHandlerMapping - Patterns [/webjars/**, /**] in 'resourceHandlerMapping'
2019-06-26 14:09:44 [main] DEBUG o.s.w.s.m.m.a.ExceptionHandlerExceptionResolver - ControllerAdvice beans: 1 @ExceptionHandler, 1 ResponseBodyAdvice
2019-06-26 14:09:44 [main] INFO  o.s.s.c.ThreadPoolTaskScheduler - Initializing ExecutorService 'taskScheduler'
2019-06-26 14:09:44 [main] INFO  o.a.coyote.http11.Http11NioProtocol - Starting ProtocolHandler ["http-nio-8000"]
2019-06-26 14:09:45 [main] INFO  o.a.tomcat.util.net.NioSelectorPool - Using a shared selector for servlet write/read
2019-06-26 14:09:45 [main] INFO  o.s.b.w.e.tomcat.TomcatWebServer - Tomcat started on port(s): 8000 (http) with context path ''
2019-06-26 14:09:45 [main] INFO  VideoApplication - Started VideoApplication in 2.202 seconds (JVM running for 2.852)
2019-06-26 14:11:23 [http-nio-8000-exec-1] INFO  o.a.c.c.C.[Tomcat].[localhost].[/] - Initializing Spring DispatcherServlet 'dispatcherServlet'
2019-06-26 14:11:23 [http-nio-8000-exec-1] INFO  o.s.web.servlet.DispatcherServlet - Initializing Servlet 'dispatcherServlet'
2019-06-26 14:11:23 [http-nio-8000-exec-1] DEBUG o.s.web.servlet.DispatcherServlet - Detected StandardServletMultipartResolver
2019-06-26 14:11:23 [http-nio-8000-exec-1] DEBUG o.s.web.servlet.DispatcherServlet - enableLoggingRequestDetails='false': request parameters and headers will be masked to prevent unsafe logging of potentially sensitive data
2019-06-26 14:11:23 [http-nio-8000-exec-1] INFO  o.s.web.servlet.DispatcherServlet - Completed initialization in 7 ms
2019-06-26 14:11:23 [http-nio-8000-exec-1] DEBUG o.s.web.servlet.DispatcherServlet - GET "/api/v1/video/collect", parameters={}
2019-06-26 14:11:23 [http-nio-8000-exec-1] DEBUG o.s.w.s.m.m.a.RequestMappingHandlerMapping - Mapped to public org.springframework.http.ResponseEntity VideoController.collectVideo()
2019-06-26 14:11:23 [http-nio-8000-exec-1] INFO  c.d.video.common.task.ScheduledTask - ===>>>当前请求地址:http://caiji.kuyun98.com/inc/s_ldg_kkm3u8.php?ac=videolist&pg=1&h=&ids=&wd=<<<===
2019-06-26 14:11:24 [http-nio-8000-exec-1] INFO  c.d.video.common.task.ScheduledTask - ===>>>当前的采集平台:1, 当前采集的页码:1, 当前页面大小:20, 总页数:1576, 当前总记录数<<<===
2019-06-26 14:11:24 [http-nio-8000-exec-1] INFO  c.d.video.common.task.ScheduledTask - ===>>>当前请求地址:http://caiji.kuyun98.com/inc/s_ldg_kkm3u8.php?ac=videolist&pg=2&h=&ids=&wd=<<<===
2019-06-26 14:11:24 [http-nio-8000-exec-1] INFO  c.d.video.common.task.ScheduledTask - ===>>>当前的采集平台:1, 当前采集的页码:2, 当前页面大小:20, 总页数:1576, 当前总记录数<<<===
2019-06-26 14:11:25 [http-nio-8000-exec-1] DEBUG o.s.w.s.m.m.a.ExceptionHandlerExceptionResolver - Using @ExceptionHandler public Resp RestExceptionController.badRequest()
2019-06-26 14:11:25 [http-nio-8000-exec-1] DEBUG o.s.w.s.m.m.a.ExceptionHandlerExceptionResolver - Resolved [com.baomidou.mybatisplus.exceptions.MybatisPlusException: Error: Cannot execute insertBatch Method. Cause]
2019-06-26 14:11:25 [http-nio-8000-exec-1] DEBUG o.s.web.servlet.DispatcherServlet - Completed 400 BAD_REQUEST
2019-06-26 14:12:15 [Thread-8] INFO  o.s.s.c.ThreadPoolTaskScheduler - Shutting down ExecutorService 'taskScheduler'
2019-06-26 14:12:15 [Thread-8] INFO  o.s.s.c.ThreadPoolTaskExecutor - Shutting down ExecutorService 'applicationTaskExecutor'
2019-06-26 14:12:15 [Thread-8] INFO  com.zaxxer.hikari.HikariDataSource - HikariPool-1 - Shutdown initiated...
2019-06-26 14:12:15 [Thread-8] INFO  com.zaxxer.hikari.HikariDataSource - HikariPool-1 - Shutdown completed.
2019-06-26 14:14:39 [main] INFO  VideoApplication - Starting VideoApplication on guiliangyindeMacBook-Pro.local with PID 2210 (/Users/guiliangyin/video/target/classes started by guiliangyin in /Users/guiliangyin/video)
2019-06-26 14:14:39 [main] INFO  VideoApplication - The following profiles are active: dev
2019-06-26 14:14:40 [main] INFO  o.s.b.w.e.tomcat.TomcatWebServer - Tomcat initialized with port(s): 8000 (http)
2019-06-26 14:14:40 [main] INFO  o.a.coyote.http11.Http11NioProtocol - Initializing ProtocolHandler ["http-nio-8000"]
2019-06-26 14:14:40 [main] INFO  o.a.catalina.core.StandardService - Starting service [Tomcat]
2019-06-26 14:14:40 [main] INFO  o.a.catalina.core.StandardEngine - Starting Servlet Engine: Apache Tomcat/9.0.13
2019-06-26 14:14:40 [main] INFO  o.a.c.core.AprLifecycleListener - The APR based Apache Tomcat Native library which allows optimal performance in production environments was not found on the java.library.path: [/Users/guiliangyin/Library/Java/Extensions:/Library/Java/Extensions:/Network/Library/Java/Extensions:/System/Library/Java/Extensions:/usr/lib/java:.]
2019-06-26 14:14:40 [main] INFO  o.a.c.c.C.[Tomcat].[localhost].[/] - Initializing Spring embedded WebApplicationContext
2019-06-26 14:14:40 [main] DEBUG o.s.web.context.ContextLoader - Published root WebApplicationContext as ServletContext attribute with name [org.springframework.web.context.WebApplicationContext.ROOT]
2019-06-26 14:14:40 [main] INFO  o.s.web.context.ContextLoader - Root WebApplicationContext: initialization completed in 889 ms
2019-06-26 14:14:40 [main] INFO  com.zaxxer.hikari.HikariDataSource - HikariPool-1 - Starting...
2019-06-26 14:14:40 [main] INFO  com.zaxxer.hikari.HikariDataSource - HikariPool-1 - Start completed.
2019-06-26 14:14:40 [main] DEBUG o.s.w.s.h.SimpleUrlHandlerMapping - Patterns [/**/favicon.ico] in 'faviconHandlerMapping'
2019-06-26 14:14:40 [main] INFO  o.s.s.c.ThreadPoolTaskExecutor - Initializing ExecutorService 'applicationTaskExecutor'
2019-06-26 14:14:40 [main] DEBUG o.s.w.s.m.m.a.RequestMappingHandlerAdapter - ControllerAdvice beans: 0 @ModelAttribute, 0 @InitBinder, 1 RequestBodyAdvice, 1 ResponseBodyAdvice
2019-06-26 14:14:41 [main] DEBUG o.s.w.s.m.m.a.RequestMappingHandlerMapping - 4 mappings in 'requestMappingHandlerMapping'
2019-06-26 14:14:41 [main] DEBUG o.s.w.s.h.SimpleUrlHandlerMapping - Patterns [/webjars/**, /**] in 'resourceHandlerMapping'
2019-06-26 14:14:41 [main] DEBUG o.s.w.s.m.m.a.ExceptionHandlerExceptionResolver - ControllerAdvice beans: 1 @ExceptionHandler, 1 ResponseBodyAdvice
2019-06-26 14:14:41 [main] INFO  o.s.s.c.ThreadPoolTaskScheduler - Initializing ExecutorService 'taskScheduler'
2019-06-26 14:14:41 [main] INFO  o.a.coyote.http11.Http11NioProtocol - Starting ProtocolHandler ["http-nio-8000"]
2019-06-26 14:14:41 [main] INFO  o.a.tomcat.util.net.NioSelectorPool - Using a shared selector for servlet write/read
2019-06-26 14:14:41 [main] INFO  o.s.b.w.e.tomcat.TomcatWebServer - Tomcat started on port(s): 8000 (http) with context path ''
2019-06-26 14:14:41 [main] INFO  VideoApplication - Started VideoApplication in 2.2 seconds (JVM running for 3.419)
2019-06-26 14:15:44 [Thread-8] INFO  o.s.s.c.ThreadPoolTaskScheduler - Shutting down ExecutorService 'taskScheduler'
2019-06-26 14:15:44 [Thread-8] INFO  o.s.s.c.ThreadPoolTaskExecutor - Shutting down ExecutorService 'applicationTaskExecutor'
2019-06-26 14:15:44 [Thread-8] INFO  com.zaxxer.hikari.HikariDataSource - HikariPool-1 - Shutdown initiated...
2019-06-26 14:15:44 [Thread-8] INFO  com.zaxxer.hikari.HikariDataSource - HikariPool-1 - Shutdown completed.
2019-06-26 14:16:30 [main] INFO  VideoApplication - Starting VideoApplication on guiliangyindeMacBook-Pro.local with PID 2216 (/Users/guiliangyin/video/target/classes started by guiliangyin in /Users/guiliangyin/video)
2019-06-26 14:16:30 [main] INFO  VideoApplication - The following profiles are active: dev
2019-06-26 14:16:31 [main] INFO  o.s.b.w.e.tomcat.TomcatWebServer - Tomcat initialized with port(s): 8000 (http)
2019-06-26 14:16:31 [main] INFO  o.a.coyote.http11.Http11NioProtocol - Initializing ProtocolHandler ["http-nio-8000"]
2019-06-26 14:16:31 [main] INFO  o.a.catalina.core.StandardService - Starting service [Tomcat]
2019-06-26 14:16:31 [main] INFO  o.a.catalina.core.StandardEngine - Starting Servlet Engine: Apache Tomcat/9.0.13
2019-06-26 14:16:31 [main] INFO  o.a.c.core.AprLifecycleListener - The APR based Apache Tomcat Native library which allows optimal performance in production environments was not found on the java.library.path: [/Users/guiliangyin/Library/Java/Extensions:/Library/Java/Extensions:/Network/Library/Java/Extensions:/System/Library/Java/Extensions:/usr/lib/java:.]
2019-06-26 14:16:31 [main] INFO  o.a.c.c.C.[Tomcat].[localhost].[/] - Initializing Spring embedded WebApplicationContext
2019-06-26 14:16:31 [main] DEBUG o.s.web.context.ContextLoader - Published root WebApplicationContext as ServletContext attribute with name [org.springframework.web.context.WebApplicationContext.ROOT]
2019-06-26 14:16:31 [main] INFO  o.s.web.context.ContextLoader - Root WebApplicationContext: initialization completed in 864 ms
2019-06-26 14:16:31 [main] INFO  com.zaxxer.hikari.HikariDataSource - HikariPool-1 - Starting...
2019-06-26 14:16:32 [main] INFO  com.zaxxer.hikari.HikariDataSource - HikariPool-1 - Start completed.
2019-06-26 14:16:32 [main] DEBUG o.s.w.s.h.SimpleUrlHandlerMapping - Patterns [/**/favicon.ico] in 'faviconHandlerMapping'
2019-06-26 14:16:32 [main] INFO  o.s.s.c.ThreadPoolTaskExecutor - Initializing ExecutorService 'applicationTaskExecutor'
2019-06-26 14:16:32 [main] DEBUG o.s.w.s.m.m.a.RequestMappingHandlerAdapter - ControllerAdvice beans: 0 @ModelAttribute, 0 @InitBinder, 1 RequestBodyAdvice, 1 ResponseBodyAdvice
2019-06-26 14:16:32 [main] DEBUG o.s.w.s.m.m.a.RequestMappingHandlerMapping - 4 mappings in 'requestMappingHandlerMapping'
2019-06-26 14:16:32 [main] DEBUG o.s.w.s.h.SimpleUrlHandlerMapping - Patterns [/webjars/**, /**] in 'resourceHandlerMapping'
2019-06-26 14:16:32 [main] DEBUG o.s.w.s.m.m.a.ExceptionHandlerExceptionResolver - ControllerAdvice beans: 1 @ExceptionHandler, 1 ResponseBodyAdvice
2019-06-26 14:16:32 [main] INFO  o.s.s.c.ThreadPoolTaskScheduler - Initializing ExecutorService 'taskScheduler'
2019-06-26 14:16:32 [main] INFO  o.a.coyote.http11.Http11NioProtocol - Starting ProtocolHandler ["http-nio-8000"]
2019-06-26 14:16:32 [main] INFO  o.a.tomcat.util.net.NioSelectorPool - Using a shared selector for servlet write/read
2019-06-26 14:16:32 [main] INFO  o.s.b.w.e.tomcat.TomcatWebServer - Tomcat started on port(s): 8000 (http) with context path ''
2019-06-26 14:16:32 [main] INFO  VideoApplication - Started VideoApplication in 2.33 seconds (JVM running for 2.871)
2019-06-26 14:16:48 [http-nio-8000-exec-1] INFO  o.a.c.c.C.[Tomcat].[localhost].[/] - Initializing Spring DispatcherServlet 'dispatcherServlet'
2019-06-26 14:16:48 [http-nio-8000-exec-1] INFO  o.s.web.servlet.DispatcherServlet - Initializing Servlet 'dispatcherServlet'
2019-06-26 14:16:48 [http-nio-8000-exec-1] DEBUG o.s.web.servlet.DispatcherServlet - Detected StandardServletMultipartResolver
2019-06-26 14:16:48 [http-nio-8000-exec-1] DEBUG o.s.web.servlet.DispatcherServlet - enableLoggingRequestDetails='false': request parameters and headers will be masked to prevent unsafe logging of potentially sensitive data
2019-06-26 14:16:48 [http-nio-8000-exec-1] INFO  o.s.web.servlet.DispatcherServlet - Completed initialization in 6 ms
2019-06-26 14:16:48 [http-nio-8000-exec-1] DEBUG o.s.web.servlet.DispatcherServlet - GET "/api/v1/video/collect", parameters={}
2019-06-26 14:16:48 [http-nio-8000-exec-1] DEBUG o.s.w.s.m.m.a.RequestMappingHandlerMapping - Mapped to public org.springframework.http.ResponseEntity VideoController.collectVideo() throws java.io.IOException
2019-06-26 14:16:48 [http-nio-8000-exec-1] INFO  c.d.video.common.task.ScheduledTask - ===>>>当前请求地址:http://caiji.kuyun98.com/inc/s_ldg_kkm3u8.php?ac=videolist&pg=1&h=&ids=&wd=<<<===
2019-06-26 14:16:50 [http-nio-8000-exec-1] INFO  c.d.video.common.task.ScheduledTask - ===>>>当前的采集平台:1, 当前采集的页码:1, 当前页面大小:20, 总页数:1576, 当前总记录数<<<===
2019-06-26 14:16:50 [http-nio-8000-exec-1] INFO  c.d.video.common.task.ScheduledTask - ===>>>当前请求地址:http://caiji.kuyun98.com/inc/s_ldg_kkm3u8.php?ac=videolist&pg=2&h=&ids=&wd=<<<===
2019-06-26 14:16:50 [http-nio-8000-exec-1] INFO  c.d.video.common.task.ScheduledTask - ===>>>当前的采集平台:1, 当前采集的页码:2, 当前页面大小:20, 总页数:1576, 当前总记录数<<<===
2019-06-26 14:16:50 [http-nio-8000-exec-1] DEBUG o.s.w.s.m.m.a.ExceptionHandlerExceptionResolver - Using @ExceptionHandler public Resp RestExceptionController.badRequest()
2019-06-26 14:16:50 [http-nio-8000-exec-1] DEBUG o.s.w.s.m.m.a.ExceptionHandlerExceptionResolver - Resolved [com.baomidou.mybatisplus.exceptions.MybatisPlusException: Error: Cannot execute insertBatch Method. Cause]
2019-06-26 14:16:50 [http-nio-8000-exec-1] DEBUG o.s.web.servlet.DispatcherServlet - Completed 400 BAD_REQUEST
2019-06-26 14:19:07 [Thread-8] INFO  o.s.s.c.ThreadPoolTaskScheduler - Shutting down ExecutorService 'taskScheduler'
2019-06-26 14:19:07 [Thread-8] INFO  o.s.s.c.ThreadPoolTaskExecutor - Shutting down ExecutorService 'applicationTaskExecutor'
2019-06-26 14:19:07 [Thread-8] INFO  com.zaxxer.hikari.HikariDataSource - HikariPool-1 - Shutdown initiated...
2019-06-26 14:19:07 [Thread-8] INFO  com.zaxxer.hikari.HikariDataSource - HikariPool-1 - Shutdown completed.
2019-06-26 14:19:32 [main] INFO  VideoApplication - Starting VideoApplication on guiliangyindeMacBook-Pro.local with PID 2226 (/Users/guiliangyin/video/target/classes started by guiliangyin in /Users/guiliangyin/video)
2019-06-26 14:19:32 [main] INFO  VideoApplication - The following profiles are active: dev
2019-06-26 14:19:32 [main] INFO  o.s.b.w.e.tomcat.TomcatWebServer - Tomcat initialized with port(s): 8000 (http)
2019-06-26 14:19:32 [main] INFO  o.a.coyote.http11.Http11NioProtocol - Initializing ProtocolHandler ["http-nio-8000"]
2019-06-26 14:19:33 [main] INFO  o.a.catalina.core.StandardService - Starting service [Tomcat]
2019-06-26 14:19:33 [main] INFO  o.a.catalina.core.StandardEngine - Starting Servlet Engine: Apache Tomcat/9.0.13
2019-06-26 14:19:33 [main] INFO  o.a.c.core.AprLifecycleListener - The APR based Apache Tomcat Native library which allows optimal performance in production environments was not found on the java.library.path: [/Users/guiliangyin/Library/Java/Extensions:/Library/Java/Extensions:/Network/Library/Java/Extensions:/System/Library/Java/Extensions:/usr/lib/java:.]
2019-06-26 14:19:33 [main] INFO  o.a.c.c.C.[Tomcat].[localhost].[/] - Initializing Spring embedded WebApplicationContext
2019-06-26 14:19:33 [main] DEBUG o.s.web.context.ContextLoader - Published root WebApplicationContext as ServletContext attribute with name [org.springframework.web.context.WebApplicationContext.ROOT]
2019-06-26 14:19:33 [main] INFO  o.s.web.context.ContextLoader - Root WebApplicationContext: initialization completed in 855 ms
2019-06-26 14:19:33 [main] INFO  com.zaxxer.hikari.HikariDataSource - HikariPool-1 - Starting...
2019-06-26 14:19:33 [main] INFO  com.zaxxer.hikari.HikariDataSource - HikariPool-1 - Start completed.
2019-06-26 14:19:33 [main] DEBUG o.s.w.s.h.SimpleUrlHandlerMapping - Patterns [/**/favicon.ico] in 'faviconHandlerMapping'
2019-06-26 14:19:33 [main] INFO  o.s.s.c.ThreadPoolTaskExecutor - Initializing ExecutorService 'applicationTaskExecutor'
2019-06-26 14:19:33 [main] DEBUG o.s.w.s.m.m.a.RequestMappingHandlerAdapter - ControllerAdvice beans: 0 @ModelAttribute, 0 @InitBinder, 1 RequestBodyAdvice, 1 ResponseBodyAdvice
2019-06-26 14:19:33 [main] DEBUG o.s.w.s.m.m.a.RequestMappingHandlerMapping - 4 mappings in 'requestMappingHandlerMapping'
2019-06-26 14:19:33 [main] DEBUG o.s.w.s.h.SimpleUrlHandlerMapping - Patterns [/webjars/**, /**] in 'resourceHandlerMapping'
2019-06-26 14:19:33 [main] DEBUG o.s.w.s.m.m.a.ExceptionHandlerExceptionResolver - ControllerAdvice beans: 1 @ExceptionHandler, 1 ResponseBodyAdvice
2019-06-26 14:19:33 [main] INFO  o.s.s.c.ThreadPoolTaskScheduler - Initializing ExecutorService 'taskScheduler'
2019-06-26 14:19:33 [main] INFO  o.a.coyote.http11.Http11NioProtocol - Starting ProtocolHandler ["http-nio-8000"]
2019-06-26 14:19:33 [main] INFO  o.a.tomcat.util.net.NioSelectorPool - Using a shared selector for servlet write/read
2019-06-26 14:19:33 [main] INFO  o.s.b.w.e.tomcat.TomcatWebServer - Tomcat started on port(s): 8000 (http) with context path ''
2019-06-26 14:19:33 [main] INFO  VideoApplication - Started VideoApplication in 2.136 seconds (JVM running for 2.847)
2019-06-26 14:19:52 [http-nio-8000-exec-1] INFO  o.a.c.c.C.[Tomcat].[localhost].[/] - Initializing Spring DispatcherServlet 'dispatcherServlet'
2019-06-26 14:19:52 [http-nio-8000-exec-1] INFO  o.s.web.servlet.DispatcherServlet - Initializing Servlet 'dispatcherServlet'
2019-06-26 14:19:52 [http-nio-8000-exec-1] DEBUG o.s.web.servlet.DispatcherServlet - Detected StandardServletMultipartResolver
2019-06-26 14:19:52 [http-nio-8000-exec-1] DEBUG o.s.web.servlet.DispatcherServlet - enableLoggingRequestDetails='false': request parameters and headers will be masked to prevent unsafe logging of potentially sensitive data
2019-06-26 14:19:52 [http-nio-8000-exec-1] INFO  o.s.web.servlet.DispatcherServlet - Completed initialization in 6 ms
2019-06-26 14:19:52 [http-nio-8000-exec-1] DEBUG o.s.web.servlet.DispatcherServlet - GET "/api/v1/video/collect", parameters={}
2019-06-26 14:19:52 [http-nio-8000-exec-1] DEBUG o.s.w.s.m.m.a.RequestMappingHandlerMapping - Mapped to public org.springframework.http.ResponseEntity VideoController.collectVideo()
2019-06-26 14:19:52 [http-nio-8000-exec-1] INFO  c.d.video.common.task.ScheduledTask - ===>>>当前请求地址:http://caiji.kuyun98.com/inc/s_ldg_kkm3u8.php?ac=videolist&pg=1&h=&ids=&wd=<<<===
2019-06-26 14:19:53 [http-nio-8000-exec-1] DEBUG o.s.w.s.m.m.a.ExceptionHandlerExceptionResolver - Using @ExceptionHandler public Resp RestExceptionController.badRequest()
2019-06-26 14:19:53 [http-nio-8000-exec-1] DEBUG o.s.w.s.m.m.a.ExceptionHandlerExceptionResolver - Resolved [com.baomidou.mybatisplus.exceptions.MybatisPlusException: Error: Cannot execute insertBatch Method. Cause]
2019-06-26 14:19:53 [http-nio-8000-exec-1] DEBUG o.s.web.servlet.DispatcherServlet - Completed 400 BAD_REQUEST
2019-06-26 14:32:34 [Thread-8] INFO  o.s.s.c.ThreadPoolTaskScheduler - Shutting down ExecutorService 'taskScheduler'
2019-06-26 14:32:34 [Thread-8] INFO  o.s.s.c.ThreadPoolTaskExecutor - Shutting down ExecutorService 'applicationTaskExecutor'
2019-06-26 14:32:34 [Thread-8] INFO  com.zaxxer.hikari.HikariDataSource - HikariPool-1 - Shutdown initiated...
2019-06-26 14:32:34 [Thread-8] INFO  com.zaxxer.hikari.HikariDataSource - HikariPool-1 - Shutdown completed.
2019-06-26 15:02:34 [main] INFO  VideoApplication - Starting VideoApplication on guiliangyindeMacBook-Pro.local with PID 2360 (/Users/guiliangyin/video/target/classes started by guiliangyin in /Users/guiliangyin/video)
2019-06-26 15:02:34 [main] INFO  VideoApplication - The following profiles are active: dev
2019-06-26 15:02:35 [main] INFO  o.s.b.w.e.tomcat.TomcatWebServer - Tomcat initialized with port(s): 8000 (http)
2019-06-26 15:02:35 [main] INFO  o.a.coyote.http11.Http11NioProtocol - Initializing ProtocolHandler ["http-nio-8000"]
2019-06-26 15:02:35 [main] INFO  o.a.catalina.core.StandardService - Starting service [Tomcat]
2019-06-26 15:02:35 [main] INFO  o.a.catalina.core.StandardEngine - Starting Servlet Engine: Apache Tomcat/9.0.13
2019-06-26 15:02:35 [main] INFO  o.a.c.core.AprLifecycleListener - The APR based Apache Tomcat Native library which allows optimal performance in production environments was not found on the java.library.path: [/Users/guiliangyin/Library/Java/Extensions:/Library/Java/Extensions:/Network/Library/Java/Extensions:/System/Library/Java/Extensions:/usr/lib/java:.]
2019-06-26 15:02:35 [main] INFO  o.a.c.c.C.[Tomcat].[localhost].[/] - Initializing Spring embedded WebApplicationContext
2019-06-26 15:02:35 [main] DEBUG o.s.web.context.ContextLoader - Published root WebApplicationContext as ServletContext attribute with name [org.springframework.web.context.WebApplicationContext.ROOT]
2019-06-26 15:02:35 [main] INFO  o.s.web.context.ContextLoader - Root WebApplicationContext: initialization completed in 992 ms
2019-06-26 15:02:35 [main] INFO  com.zaxxer.hikari.HikariDataSource - HikariPool-1 - Starting...
2019-06-26 15:02:35 [main] INFO  com.zaxxer.hikari.HikariDataSource - HikariPool-1 - Start completed.
2019-06-26 15:02:35 [main] DEBUG o.s.w.s.h.SimpleUrlHandlerMapping - Patterns [/**/favicon.ico] in 'faviconHandlerMapping'
2019-06-26 15:03:05 [main] INFO  VideoApplication - Starting VideoApplication on guiliangyindeMacBook-Pro.local with PID 2363 (/Users/guiliangyin/video/target/classes started by guiliangyin in /Users/guiliangyin/video)
2019-06-26 15:03:05 [main] INFO  VideoApplication - The following profiles are active: dev
2019-06-26 15:03:06 [main] INFO  o.s.b.w.e.tomcat.TomcatWebServer - Tomcat initialized with port(s): 8000 (http)
2019-06-26 15:03:06 [main] INFO  o.a.coyote.http11.Http11NioProtocol - Initializing ProtocolHandler ["http-nio-8000"]
2019-06-26 15:03:06 [main] INFO  o.a.catalina.core.StandardService - Starting service [Tomcat]
2019-06-26 15:03:06 [main] INFO  o.a.catalina.core.StandardEngine - Starting Servlet Engine: Apache Tomcat/9.0.13
2019-06-26 15:03:06 [main] INFO  o.a.c.core.AprLifecycleListener - The APR based Apache Tomcat Native library which allows optimal performance in production environments was not found on the java.library.path: [/Users/guiliangyin/Library/Java/Extensions:/Library/Java/Extensions:/Network/Library/Java/Extensions:/System/Library/Java/Extensions:/usr/lib/java:.]
2019-06-26 15:03:06 [main] INFO  o.a.c.c.C.[Tomcat].[localhost].[/] - Initializing Spring embedded WebApplicationContext
2019-06-26 15:03:06 [main] DEBUG o.s.web.context.ContextLoader - Published root WebApplicationContext as ServletContext attribute with name [org.springframework.web.context.WebApplicationContext.ROOT]
2019-06-26 15:03:06 [main] INFO  o.s.web.context.ContextLoader - Root WebApplicationContext: initialization completed in 824 ms
2019-06-26 15:03:06 [main] INFO  com.zaxxer.hikari.HikariDataSource - HikariPool-1 - Starting...
2019-06-26 15:03:06 [main] INFO  com.zaxxer.hikari.HikariDataSource - HikariPool-1 - Start completed.
2019-06-26 15:03:06 [main] DEBUG o.s.w.s.h.SimpleUrlHandlerMapping - Patterns [/**/favicon.ico] in 'faviconHandlerMapping'
2019-06-26 15:03:06 [main] INFO  o.s.s.c.ThreadPoolTaskExecutor - Initializing ExecutorService 'applicationTaskExecutor'
2019-06-26 15:03:06 [main] DEBUG o.s.w.s.m.m.a.RequestMappingHandlerAdapter - ControllerAdvice beans: 0 @ModelAttribute, 0 @InitBinder, 1 RequestBodyAdvice, 1 ResponseBodyAdvice
2019-06-26 15:03:06 [main] DEBUG o.s.w.s.m.m.a.RequestMappingHandlerMapping - 4 mappings in 'requestMappingHandlerMapping'
2019-06-26 15:03:06 [main] DEBUG o.s.w.s.h.SimpleUrlHandlerMapping - Patterns [/webjars/**, /**] in 'resourceHandlerMapping'
2019-06-26 15:03:06 [main] DEBUG o.s.w.s.m.m.a.ExceptionHandlerExceptionResolver - ControllerAdvice beans: 1 @ExceptionHandler, 1 ResponseBodyAdvice
2019-06-26 15:03:06 [main] INFO  o.s.s.c.ThreadPoolTaskScheduler - Initializing ExecutorService 'taskScheduler'
2019-06-26 15:03:06 [main] INFO  o.a.coyote.http11.Http11NioProtocol - Starting ProtocolHandler ["http-nio-8000"]
2019-06-26 15:03:06 [main] INFO  o.a.tomcat.util.net.NioSelectorPool - Using a shared selector for servlet write/read
2019-06-26 15:03:06 [main] INFO  o.s.b.w.e.tomcat.TomcatWebServer - Tomcat started on port(s): 8000 (http) with context path ''
2019-06-26 15:03:06 [main] INFO  VideoApplication - Started VideoApplication in 2.118 seconds (JVM running for 2.643)
2019-06-26 15:03:07 [Thread-8] INFO  o.s.s.c.ThreadPoolTaskScheduler - Shutting down ExecutorService 'taskScheduler'
2019-06-26 15:03:07 [Thread-8] INFO  o.s.s.c.ThreadPoolTaskExecutor - Shutting down ExecutorService 'applicationTaskExecutor'
2019-06-26 15:03:07 [Thread-8] INFO  com.zaxxer.hikari.HikariDataSource - HikariPool-1 - Shutdown initiated...
2019-06-26 15:03:07 [Thread-8] INFO  com.zaxxer.hikari.HikariDataSource - HikariPool-1 - Shutdown completed.
2019-06-26 15:03:21 [main] WARN  org.springframework.boot.ImageBanner - Image banner not printable: class path resource [banner] (class java.lang.IllegalStateException: 'Unable to read image banner source')
2019-06-26 15:03:21 [main] INFO  VideoApplication - Starting VideoApplication on guiliangyindeMacBook-Pro.local with PID 2366 (/Users/guiliangyin/video/target/classes started by guiliangyin in /Users/guiliangyin/video)
2019-06-26 15:03:21 [main] INFO  VideoApplication - The following profiles are active: dev
2019-06-26 15:03:22 [main] INFO  o.s.b.w.e.tomcat.TomcatWebServer - Tomcat initialized with port(s): 8000 (http)
2019-06-26 15:03:22 [main] INFO  o.a.coyote.http11.Http11NioProtocol - Initializing ProtocolHandler ["http-nio-8000"]
2019-06-26 15:03:22 [main] INFO  o.a.catalina.core.StandardService - Starting service [Tomcat]
2019-06-26 15:03:22 [main] INFO  o.a.catalina.core.StandardEngine - Starting Servlet Engine: Apache Tomcat/9.0.13
2019-06-26 15:03:22 [main] INFO  o.a.c.core.AprLifecycleListener - The APR based Apache Tomcat Native library which allows optimal performance in production environments was not found on the java.library.path: [/Users/guiliangyin/Library/Java/Extensions:/Library/Java/Extensions:/Network/Library/Java/Extensions:/System/Library/Java/Extensions:/usr/lib/java:.]
2019-06-26 15:03:22 [main] INFO  o.a.c.c.C.[Tomcat].[localhost].[/] - Initializing Spring embedded WebApplicationContext
2019-06-26 15:03:22 [main] DEBUG o.s.web.context.ContextLoader - Published root WebApplicationContext as ServletContext attribute with name [org.springframework.web.context.WebApplicationContext.ROOT]
2019-06-26 15:03:22 [main] INFO  o.s.web.context.ContextLoader - Root WebApplicationContext: initialization completed in 873 ms
2019-06-26 15:03:22 [main] INFO  com.zaxxer.hikari.HikariDataSource - HikariPool-1 - Starting...
2019-06-26 15:03:22 [main] INFO  com.zaxxer.hikari.HikariDataSource - HikariPool-1 - Start completed.
2019-06-26 15:03:22 [main] DEBUG o.s.w.s.h.SimpleUrlHandlerMapping - Patterns [/**/favicon.ico] in 'faviconHandlerMapping'
2019-06-26 15:03:22 [main] INFO  o.s.s.c.ThreadPoolTaskExecutor - Initializing ExecutorService 'applicationTaskExecutor'
2019-06-26 15:03:22 [main] DEBUG o.s.w.s.m.m.a.RequestMappingHandlerAdapter - ControllerAdvice beans: 0 @ModelAttribute, 0 @InitBinder, 1 RequestBodyAdvice, 1 ResponseBodyAdvice
2019-06-26 15:03:22 [main] DEBUG o.s.w.s.m.m.a.RequestMappingHandlerMapping - 4 mappings in 'requestMappingHandlerMapping'
2019-06-26 15:03:22 [main] DEBUG o.s.w.s.h.SimpleUrlHandlerMapping - Patterns [/webjars/**, /**] in 'resourceHandlerMapping'
2019-06-26 15:03:22 [main] DEBUG o.s.w.s.m.m.a.ExceptionHandlerExceptionResolver - ControllerAdvice beans: 1 @ExceptionHandler, 1 ResponseBodyAdvice
2019-06-26 15:03:22 [main] INFO  o.s.s.c.ThreadPoolTaskScheduler - Initializing ExecutorService 'taskScheduler'
2019-06-26 15:03:22 [main] INFO  o.a.coyote.http11.Http11NioProtocol - Starting ProtocolHandler ["http-nio-8000"]
2019-06-26 15:03:22 [main] INFO  o.a.tomcat.util.net.NioSelectorPool - Using a shared selector for servlet write/read
2019-06-26 15:03:22 [main] INFO  o.s.b.w.e.tomcat.TomcatWebServer - Tomcat started on port(s): 8000 (http) with context path ''
2019-06-26 15:03:22 [main] INFO  VideoApplication - Started VideoApplication in 2.211 seconds (JVM running for 2.692)
2019-06-26 15:03:25 [Thread-9] INFO  o.s.s.c.ThreadPoolTaskScheduler - Shutting down ExecutorService 'taskScheduler'
2019-06-26 15:03:25 [Thread-9] INFO  o.s.s.c.ThreadPoolTaskExecutor - Shutting down ExecutorService 'applicationTaskExecutor'
2019-06-26 15:03:25 [Thread-9] INFO  com.zaxxer.hikari.HikariDataSource - HikariPool-1 - Shutdown initiated...
2019-06-26 15:03:25 [Thread-9] INFO  com.zaxxer.hikari.HikariDataSource - HikariPool-1 - Shutdown completed.
