2019-06-27 15:37:15 [main] INFO  VideoApplication - Starting VideoApplication on guiliangyindeMacBook-Pro.local with PID 5037 (/Users/guiliangyin/video/target/classes started by guiliangyin in /Users/guiliangyin/video)
2019-06-27 15:37:15 [main] INFO  VideoApplication - The following profiles are active: dev
2019-06-27 15:37:16 [main] INFO  o.s.b.w.e.tomcat.TomcatWebServer - Tomcat initialized with port(s): 8000 (http)
2019-06-27 15:37:16 [main] INFO  o.a.coyote.http11.Http11NioProtocol - Initializing ProtocolHandler ["http-nio-8000"]
2019-06-27 15:37:16 [main] INFO  o.a.catalina.core.StandardService - Starting service [Tomcat]
2019-06-27 15:37:16 [main] INFO  o.a.catalina.core.StandardEngine - Starting Servlet Engine: Apache Tomcat/9.0.13
2019-06-27 15:37:16 [main] INFO  o.a.c.core.AprLifecycleListener - The APR based Apache Tomcat Native library which allows optimal performance in production environments was not found on the java.library.path: [/Users/guiliangyin/Library/Java/Extensions:/Library/Java/Extensions:/Network/Library/Java/Extensions:/System/Library/Java/Extensions:/usr/lib/java:.]
2019-06-27 15:37:16 [main] INFO  o.a.c.c.C.[Tomcat].[localhost].[/] - Initializing Spring embedded WebApplicationContext
2019-06-27 15:37:16 [main] DEBUG o.s.web.context.ContextLoader - Published root WebApplicationContext as ServletContext attribute with name [org.springframework.web.context.WebApplicationContext.ROOT]
2019-06-27 15:37:16 [main] INFO  o.s.web.context.ContextLoader - Root WebApplicationContext: initialization completed in 1187 ms
2019-06-27 15:37:17 [main] INFO  com.zaxxer.hikari.HikariDataSource - HikariPool-1 - Starting...
2019-06-27 15:37:17 [main] INFO  com.zaxxer.hikari.HikariDataSource - HikariPool-1 - Start completed.
2019-06-27 15:37:17 [main] DEBUG o.s.w.s.h.SimpleUrlHandlerMapping - Patterns [/**/favicon.ico] in 'faviconHandlerMapping'
2019-06-27 15:37:17 [main] INFO  o.s.s.c.ThreadPoolTaskExecutor - Initializing ExecutorService 'applicationTaskExecutor'
2019-06-27 15:37:17 [main] DEBUG o.s.w.s.m.m.a.RequestMappingHandlerAdapter - ControllerAdvice beans: 0 @ModelAttribute, 0 @InitBinder, 1 RequestBodyAdvice, 1 ResponseBodyAdvice
2019-06-27 15:37:17 [main] DEBUG o.s.w.s.m.m.a.RequestMappingHandlerMapping - 4 mappings in 'requestMappingHandlerMapping'
2019-06-27 15:37:17 [main] DEBUG o.s.w.s.h.SimpleUrlHandlerMapping - Patterns [/webjars/**, /**] in 'resourceHandlerMapping'
2019-06-27 15:37:17 [main] DEBUG o.s.w.s.m.m.a.ExceptionHandlerExceptionResolver - ControllerAdvice beans: 1 @ExceptionHandler, 1 ResponseBodyAdvice
2019-06-27 15:37:17 [main] INFO  o.s.s.c.ThreadPoolTaskScheduler - Initializing ExecutorService 'taskScheduler'
2019-06-27 15:37:17 [main] INFO  o.a.coyote.http11.Http11NioProtocol - Starting ProtocolHandler ["http-nio-8000"]
2019-06-27 15:37:18 [main] INFO  o.a.tomcat.util.net.NioSelectorPool - Using a shared selector for servlet write/read
2019-06-27 15:37:18 [main] INFO  o.s.b.w.e.tomcat.TomcatWebServer - Tomcat started on port(s): 8000 (http) with context path ''
2019-06-27 15:37:18 [main] INFO  VideoApplication - Started VideoApplication in 2.74 seconds (JVM running for 3.745)
2019-06-27 15:39:18 [http-nio-8000-exec-1] INFO  o.a.c.c.C.[Tomcat].[localhost].[/] - Initializing Spring DispatcherServlet 'dispatcherServlet'
2019-06-27 15:39:18 [http-nio-8000-exec-1] INFO  o.s.web.servlet.DispatcherServlet - Initializing Servlet 'dispatcherServlet'
2019-06-27 15:39:18 [http-nio-8000-exec-1] DEBUG o.s.web.servlet.DispatcherServlet - Detected StandardServletMultipartResolver
2019-06-27 15:39:18 [http-nio-8000-exec-1] DEBUG o.s.web.servlet.DispatcherServlet - enableLoggingRequestDetails='false': request parameters and headers will be masked to prevent unsafe logging of potentially sensitive data
2019-06-27 15:39:18 [http-nio-8000-exec-1] INFO  o.s.web.servlet.DispatcherServlet - Completed initialization in 6 ms
2019-06-27 15:39:18 [http-nio-8000-exec-1] DEBUG o.s.web.servlet.DispatcherServlet - GET "/api/v1/video/collect", parameters={}
2019-06-27 15:39:18 [http-nio-8000-exec-1] DEBUG o.s.w.s.m.m.a.RequestMappingHandlerMapping - Mapped to public org.springframework.http.ResponseEntity VideoController.collectVideo()
2019-06-27 15:39:18 [http-nio-8000-exec-1] INFO  c.d.video.common.task.ScheduledTask - ===>>>当前请求地址:http://caiji.kuyun98.com/inc/s_ldg_kkm3u8.php?ac=videolist&pg=1&h=&ids=&wd=<<<===
2019-06-27 15:39:19 [http-nio-8000-exec-1] INFO  c.d.video.common.task.ScheduledTask - ===>>>当前的采集平台:1, 当前采集的页码:1, 当前页面大小:20, 总页数:1578, 当前总记录数<<<===
2019-06-27 15:39:36 [http-nio-8000-exec-1] INFO  c.d.video.common.task.ScheduledTask - ===>>>当前请求地址:http://caiji.kuyun98.com/inc/s_ldg_kkm3u8.php?ac=videolist&pg=2&h=&ids=&wd=<<<===
2019-06-27 15:39:37 [http-nio-8000-exec-1] INFO  c.d.video.common.task.ScheduledTask - ===>>>当前的采集平台:1, 当前采集的页码:2, 当前页面大小:20, 总页数:1578, 当前总记录数<<<===
2019-06-27 15:39:37 [http-nio-8000-exec-1] DEBUG o.s.w.s.m.m.a.ExceptionHandlerExceptionResolver - Using @ExceptionHandler public Resp RestExceptionController.badRequest()
2019-06-27 15:39:37 [http-nio-8000-exec-1] DEBUG o.s.w.s.m.m.a.ExceptionHandlerExceptionResolver - Resolved [com.baomidou.mybatisplus.exceptions.MybatisPlusException: Error: Cannot execute insertBatch Method. Cause]
2019-06-27 15:39:37 [http-nio-8000-exec-1] DEBUG o.s.web.servlet.DispatcherServlet - Completed 400 BAD_REQUEST
2019-06-27 15:40:09 [Thread-8] INFO  o.s.s.c.ThreadPoolTaskScheduler - Shutting down ExecutorService 'taskScheduler'
2019-06-27 15:40:09 [Thread-8] INFO  o.s.s.c.ThreadPoolTaskExecutor - Shutting down ExecutorService 'applicationTaskExecutor'
2019-06-27 15:40:09 [Thread-8] INFO  com.zaxxer.hikari.HikariDataSource - HikariPool-1 - Shutdown initiated...
2019-06-27 15:40:09 [Thread-8] INFO  com.zaxxer.hikari.HikariDataSource - HikariPool-1 - Shutdown completed.
2019-06-27 15:40:36 [main] INFO  VideoApplication - Starting VideoApplication on guiliangyindeMacBook-Pro.local with PID 5051 (/Users/guiliangyin/video/target/classes started by guiliangyin in /Users/guiliangyin/video)
2019-06-27 15:40:36 [main] INFO  VideoApplication - The following profiles are active: dev
2019-06-27 15:40:37 [main] INFO  o.s.b.w.e.tomcat.TomcatWebServer - Tomcat initialized with port(s): 8000 (http)
2019-06-27 15:40:37 [main] INFO  o.a.coyote.http11.Http11NioProtocol - Initializing ProtocolHandler ["http-nio-8000"]
2019-06-27 15:40:37 [main] INFO  o.a.catalina.core.StandardService - Starting service [Tomcat]
2019-06-27 15:40:37 [main] INFO  o.a.catalina.core.StandardEngine - Starting Servlet Engine: Apache Tomcat/9.0.13
2019-06-27 15:40:37 [main] INFO  o.a.c.core.AprLifecycleListener - The APR based Apache Tomcat Native library which allows optimal performance in production environments was not found on the java.library.path: [/Users/guiliangyin/Library/Java/Extensions:/Library/Java/Extensions:/Network/Library/Java/Extensions:/System/Library/Java/Extensions:/usr/lib/java:.]
2019-06-27 15:40:37 [main] INFO  o.a.c.c.C.[Tomcat].[localhost].[/] - Initializing Spring embedded WebApplicationContext
2019-06-27 15:40:37 [main] DEBUG o.s.web.context.ContextLoader - Published root WebApplicationContext as ServletContext attribute with name [org.springframework.web.context.WebApplicationContext.ROOT]
2019-06-27 15:40:37 [main] INFO  o.s.web.context.ContextLoader - Root WebApplicationContext: initialization completed in 1000 ms
2019-06-27 15:40:37 [main] INFO  com.zaxxer.hikari.HikariDataSource - HikariPool-1 - Starting...
2019-06-27 15:40:37 [main] INFO  com.zaxxer.hikari.HikariDataSource - HikariPool-1 - Start completed.
2019-06-27 15:40:38 [main] DEBUG o.s.w.s.h.SimpleUrlHandlerMapping - Patterns [/**/favicon.ico] in 'faviconHandlerMapping'
2019-06-27 15:40:38 [main] INFO  o.s.s.c.ThreadPoolTaskExecutor - Initializing ExecutorService 'applicationTaskExecutor'
2019-06-27 15:40:38 [main] DEBUG o.s.w.s.m.m.a.RequestMappingHandlerAdapter - ControllerAdvice beans: 0 @ModelAttribute, 0 @InitBinder, 1 RequestBodyAdvice, 1 ResponseBodyAdvice
2019-06-27 15:40:38 [main] DEBUG o.s.w.s.m.m.a.RequestMappingHandlerMapping - 4 mappings in 'requestMappingHandlerMapping'
2019-06-27 15:40:38 [main] DEBUG o.s.w.s.h.SimpleUrlHandlerMapping - Patterns [/webjars/**, /**] in 'resourceHandlerMapping'
2019-06-27 15:40:38 [main] DEBUG o.s.w.s.m.m.a.ExceptionHandlerExceptionResolver - ControllerAdvice beans: 1 @ExceptionHandler, 1 ResponseBodyAdvice
2019-06-27 15:40:38 [main] INFO  o.s.s.c.ThreadPoolTaskScheduler - Initializing ExecutorService 'taskScheduler'
2019-06-27 15:40:38 [main] INFO  o.a.coyote.http11.Http11NioProtocol - Starting ProtocolHandler ["http-nio-8000"]
2019-06-27 15:40:38 [main] INFO  o.a.tomcat.util.net.NioSelectorPool - Using a shared selector for servlet write/read
2019-06-27 15:40:38 [main] INFO  o.s.b.w.e.tomcat.TomcatWebServer - Tomcat started on port(s): 8000 (http) with context path ''
2019-06-27 15:40:38 [main] INFO  VideoApplication - Started VideoApplication in 2.461 seconds (JVM running for 3.341)
2019-06-27 15:41:21 [http-nio-8000-exec-1] INFO  o.a.c.c.C.[Tomcat].[localhost].[/] - Initializing Spring DispatcherServlet 'dispatcherServlet'
2019-06-27 15:41:21 [http-nio-8000-exec-1] INFO  o.s.web.servlet.DispatcherServlet - Initializing Servlet 'dispatcherServlet'
2019-06-27 15:41:21 [http-nio-8000-exec-1] DEBUG o.s.web.servlet.DispatcherServlet - Detected StandardServletMultipartResolver
2019-06-27 15:41:21 [http-nio-8000-exec-1] DEBUG o.s.web.servlet.DispatcherServlet - enableLoggingRequestDetails='false': request parameters and headers will be masked to prevent unsafe logging of potentially sensitive data
2019-06-27 15:41:21 [http-nio-8000-exec-1] INFO  o.s.web.servlet.DispatcherServlet - Completed initialization in 6 ms
2019-06-27 15:41:21 [http-nio-8000-exec-1] DEBUG o.s.web.servlet.DispatcherServlet - GET "/api/v1/video/collect", parameters={}
2019-06-27 15:41:21 [http-nio-8000-exec-1] DEBUG o.s.w.s.m.m.a.RequestMappingHandlerMapping - Mapped to public org.springframework.http.ResponseEntity VideoController.collectVideo()
2019-06-27 15:41:21 [http-nio-8000-exec-1] INFO  c.d.video.common.task.ScheduledTask - ===>>>当前请求地址:http://caiji.kuyun98.com/inc/s_ldg_kkm3u8.php?ac=videolist&pg=1&h=&ids=&wd=<<<===
2019-06-27 15:41:22 [http-nio-8000-exec-1] INFO  c.d.video.common.task.ScheduledTask - ===>>>当前的采集平台:1, 当前采集的页码:1, 当前页面大小:20, 总页数:1578, 当前总记录数<<<===
2019-06-27 15:41:26 [http-nio-8000-exec-1] INFO  c.d.video.common.task.ScheduledTask - ===>>>当前请求地址:http://caiji.kuyun98.com/inc/s_ldg_kkm3u8.php?ac=videolist&pg=2&h=&ids=&wd=<<<===
2019-06-27 15:42:09 [http-nio-8000-exec-1] INFO  c.d.video.common.task.ScheduledTask - ===>>>当前的采集平台:1, 当前采集的页码:2, 当前页面大小:20, 总页数:1578, 当前总记录数<<<===
2019-06-27 15:42:47 [HikariPool-1 housekeeper] WARN  com.zaxxer.hikari.pool.HikariPool - HikariPool-1 - Thread starvation or clock leap detected (housekeeper delta=1m7s25ms).
2019-06-27 15:42:47 [http-nio-8000-exec-1] DEBUG o.s.w.s.m.m.a.ExceptionHandlerExceptionResolver - Using @ExceptionHandler public Resp RestExceptionController.badRequest()
2019-06-27 15:42:47 [http-nio-8000-exec-1] DEBUG o.s.w.s.m.m.a.ExceptionHandlerExceptionResolver - Resolved [com.baomidou.mybatisplus.exceptions.MybatisPlusException: Error: Cannot execute insertBatch Method. Cause]
2019-06-27 15:42:47 [http-nio-8000-exec-1] DEBUG o.s.web.servlet.DispatcherServlet - Completed 400 BAD_REQUEST
2019-06-27 15:42:47 [Thread-8] INFO  o.s.s.c.ThreadPoolTaskScheduler - Shutting down ExecutorService 'taskScheduler'
2019-06-27 15:42:47 [Thread-8] INFO  o.s.s.c.ThreadPoolTaskExecutor - Shutting down ExecutorService 'applicationTaskExecutor'
2019-06-27 15:42:47 [Thread-8] INFO  com.zaxxer.hikari.HikariDataSource - HikariPool-1 - Shutdown initiated...
2019-06-27 15:42:47 [Thread-8] INFO  com.zaxxer.hikari.HikariDataSource - HikariPool-1 - Shutdown completed.
2019-06-27 15:42:51 [main] INFO  VideoApplication - Starting VideoApplication on guiliangyindeMacBook-Pro.local with PID 5055 (/Users/guiliangyin/video/target/classes started by guiliangyin in /Users/guiliangyin/video)
2019-06-27 15:42:51 [main] INFO  VideoApplication - The following profiles are active: dev
2019-06-27 15:42:52 [main] INFO  o.s.b.w.e.tomcat.TomcatWebServer - Tomcat initialized with port(s): 8000 (http)
2019-06-27 15:42:52 [main] INFO  o.a.coyote.http11.Http11NioProtocol - Initializing ProtocolHandler ["http-nio-8000"]
2019-06-27 15:42:52 [main] INFO  o.a.catalina.core.StandardService - Starting service [Tomcat]
2019-06-27 15:42:52 [main] INFO  o.a.catalina.core.StandardEngine - Starting Servlet Engine: Apache Tomcat/9.0.13
2019-06-27 15:42:52 [main] INFO  o.a.c.core.AprLifecycleListener - The APR based Apache Tomcat Native library which allows optimal performance in production environments was not found on the java.library.path: [/Users/guiliangyin/Library/Java/Extensions:/Library/Java/Extensions:/Network/Library/Java/Extensions:/System/Library/Java/Extensions:/usr/lib/java:.]
2019-06-27 15:42:52 [main] INFO  o.a.c.c.C.[Tomcat].[localhost].[/] - Initializing Spring embedded WebApplicationContext
2019-06-27 15:42:52 [main] DEBUG o.s.web.context.ContextLoader - Published root WebApplicationContext as ServletContext attribute with name [org.springframework.web.context.WebApplicationContext.ROOT]
2019-06-27 15:42:52 [main] INFO  o.s.web.context.ContextLoader - Root WebApplicationContext: initialization completed in 937 ms
2019-06-27 15:42:52 [main] INFO  com.zaxxer.hikari.HikariDataSource - HikariPool-1 - Starting...
2019-06-27 15:42:53 [main] INFO  com.zaxxer.hikari.HikariDataSource - HikariPool-1 - Start completed.
2019-06-27 15:42:53 [main] DEBUG o.s.w.s.h.SimpleUrlHandlerMapping - Patterns [/**/favicon.ico] in 'faviconHandlerMapping'
2019-06-27 15:42:53 [main] INFO  o.s.s.c.ThreadPoolTaskExecutor - Initializing ExecutorService 'applicationTaskExecutor'
2019-06-27 15:42:53 [main] DEBUG o.s.w.s.m.m.a.RequestMappingHandlerAdapter - ControllerAdvice beans: 0 @ModelAttribute, 0 @InitBinder, 1 RequestBodyAdvice, 1 ResponseBodyAdvice
2019-06-27 15:42:53 [main] DEBUG o.s.w.s.m.m.a.RequestMappingHandlerMapping - 4 mappings in 'requestMappingHandlerMapping'
2019-06-27 15:42:53 [main] DEBUG o.s.w.s.h.SimpleUrlHandlerMapping - Patterns [/webjars/**, /**] in 'resourceHandlerMapping'
2019-06-27 15:42:53 [main] DEBUG o.s.w.s.m.m.a.ExceptionHandlerExceptionResolver - ControllerAdvice beans: 1 @ExceptionHandler, 1 ResponseBodyAdvice
2019-06-27 15:42:53 [main] INFO  o.s.s.c.ThreadPoolTaskScheduler - Initializing ExecutorService 'taskScheduler'
2019-06-27 15:42:53 [main] INFO  o.a.coyote.http11.Http11NioProtocol - Starting ProtocolHandler ["http-nio-8000"]
2019-06-27 15:42:53 [main] INFO  o.a.tomcat.util.net.NioSelectorPool - Using a shared selector for servlet write/read
2019-06-27 15:42:53 [main] INFO  o.s.b.w.e.tomcat.TomcatWebServer - Tomcat started on port(s): 8000 (http) with context path ''
2019-06-27 15:42:53 [main] INFO  VideoApplication - Started VideoApplication in 2.408 seconds (JVM running for 3.236)
2019-06-27 15:43:04 [http-nio-8000-exec-1] INFO  o.a.c.c.C.[Tomcat].[localhost].[/] - Initializing Spring DispatcherServlet 'dispatcherServlet'
2019-06-27 15:43:04 [http-nio-8000-exec-1] INFO  o.s.web.servlet.DispatcherServlet - Initializing Servlet 'dispatcherServlet'
2019-06-27 15:43:04 [http-nio-8000-exec-1] DEBUG o.s.web.servlet.DispatcherServlet - Detected StandardServletMultipartResolver
2019-06-27 15:43:04 [http-nio-8000-exec-1] DEBUG o.s.web.servlet.DispatcherServlet - enableLoggingRequestDetails='false': request parameters and headers will be masked to prevent unsafe logging of potentially sensitive data
2019-06-27 15:43:04 [http-nio-8000-exec-1] INFO  o.s.web.servlet.DispatcherServlet - Completed initialization in 6 ms
2019-06-27 15:43:04 [http-nio-8000-exec-1] DEBUG o.s.web.servlet.DispatcherServlet - GET "/api/v1/video/collect", parameters={}
2019-06-27 15:43:04 [http-nio-8000-exec-1] DEBUG o.s.w.s.m.m.a.RequestMappingHandlerMapping - Mapped to public org.springframework.http.ResponseEntity VideoController.collectVideo()
2019-06-27 15:43:04 [http-nio-8000-exec-1] INFO  c.d.video.common.task.ScheduledTask - ===>>>当前请求地址:http://caiji.kuyun98.com/inc/s_ldg_kkm3u8.php?ac=videolist&pg=1&h=&ids=&wd=<<<===
2019-06-27 15:44:09 [http-nio-8000-exec-1] INFO  c.d.video.common.task.ScheduledTask - ===>>>当前的采集平台:1, 当前采集的页码:1, 当前页面大小:20, 总页数:1578, 当前总记录数<<<===
2019-06-27 15:44:23 [http-nio-8000-exec-1] INFO  c.d.video.common.task.ScheduledTask - ===>>>当前请求地址:http://caiji.kuyun98.com/inc/s_ldg_kkm3u8.php?ac=videolist&pg=2&h=&ids=&wd=<<<===
2019-06-27 15:44:45 [http-nio-8000-exec-1] INFO  c.d.video.common.task.ScheduledTask - ===>>>当前的采集平台:1, 当前采集的页码:2, 当前页面大小:20, 总页数:1578, 当前总记录数<<<===
2019-06-27 15:46:29 [http-nio-8000-exec-1] DEBUG o.s.w.s.m.m.a.ExceptionHandlerExceptionResolver - Using @ExceptionHandler public Resp RestExceptionController.badRequest()
2019-06-27 15:46:29 [http-nio-8000-exec-1] DEBUG o.s.w.s.m.m.a.ExceptionHandlerExceptionResolver - Resolved [com.baomidou.mybatisplus.exceptions.MybatisPlusException: Error: Cannot execute insertBatch Method. Cause]
2019-06-27 15:46:29 [http-nio-8000-exec-1] DEBUG o.s.web.servlet.DispatcherServlet - Completed 400 BAD_REQUEST
2019-06-27 15:46:59 [Thread-9] INFO  o.s.s.c.ThreadPoolTaskScheduler - Shutting down ExecutorService 'taskScheduler'
2019-06-27 15:46:59 [Thread-9] INFO  o.s.s.c.ThreadPoolTaskExecutor - Shutting down ExecutorService 'applicationTaskExecutor'
2019-06-27 15:46:59 [Thread-9] INFO  com.zaxxer.hikari.HikariDataSource - HikariPool-1 - Shutdown initiated...
2019-06-27 15:46:59 [Thread-9] INFO  com.zaxxer.hikari.HikariDataSource - HikariPool-1 - Shutdown completed.
2019-06-27 15:47:11 [main] INFO  VideoApplication - Starting VideoApplication on guiliangyindeMacBook-Pro.local with PID 5061 (/Users/guiliangyin/video/target/classes started by guiliangyin in /Users/guiliangyin/video)
2019-06-27 15:47:11 [main] INFO  VideoApplication - The following profiles are active: dev
2019-06-27 15:47:12 [main] INFO  o.s.b.w.e.tomcat.TomcatWebServer - Tomcat initialized with port(s): 8000 (http)
2019-06-27 15:47:12 [main] INFO  o.a.coyote.http11.Http11NioProtocol - Initializing ProtocolHandler ["http-nio-8000"]
2019-06-27 15:47:12 [main] INFO  o.a.catalina.core.StandardService - Starting service [Tomcat]
2019-06-27 15:47:12 [main] INFO  o.a.catalina.core.StandardEngine - Starting Servlet Engine: Apache Tomcat/9.0.13
2019-06-27 15:47:12 [main] INFO  o.a.c.core.AprLifecycleListener - The APR based Apache Tomcat Native library which allows optimal performance in production environments was not found on the java.library.path: [/Users/guiliangyin/Library/Java/Extensions:/Library/Java/Extensions:/Network/Library/Java/Extensions:/System/Library/Java/Extensions:/usr/lib/java:.]
2019-06-27 15:47:12 [main] INFO  o.a.c.c.C.[Tomcat].[localhost].[/] - Initializing Spring embedded WebApplicationContext
2019-06-27 15:47:12 [main] DEBUG o.s.web.context.ContextLoader - Published root WebApplicationContext as ServletContext attribute with name [org.springframework.web.context.WebApplicationContext.ROOT]
2019-06-27 15:47:12 [main] INFO  o.s.web.context.ContextLoader - Root WebApplicationContext: initialization completed in 1089 ms
2019-06-27 15:47:12 [main] INFO  com.zaxxer.hikari.HikariDataSource - HikariPool-1 - Starting...
2019-06-27 15:47:13 [main] INFO  com.zaxxer.hikari.HikariDataSource - HikariPool-1 - Start completed.
2019-06-27 15:47:13 [main] DEBUG o.s.w.s.h.SimpleUrlHandlerMapping - Patterns [/**/favicon.ico] in 'faviconHandlerMapping'
2019-06-27 15:47:13 [main] INFO  o.s.s.c.ThreadPoolTaskExecutor - Initializing ExecutorService 'applicationTaskExecutor'
2019-06-27 15:47:13 [main] DEBUG o.s.w.s.m.m.a.RequestMappingHandlerAdapter - ControllerAdvice beans: 0 @ModelAttribute, 0 @InitBinder, 1 RequestBodyAdvice, 1 ResponseBodyAdvice
2019-06-27 15:47:13 [main] DEBUG o.s.w.s.m.m.a.RequestMappingHandlerMapping - 4 mappings in 'requestMappingHandlerMapping'
2019-06-27 15:47:13 [main] DEBUG o.s.w.s.h.SimpleUrlHandlerMapping - Patterns [/webjars/**, /**] in 'resourceHandlerMapping'
2019-06-27 15:47:13 [main] DEBUG o.s.w.s.m.m.a.ExceptionHandlerExceptionResolver - ControllerAdvice beans: 1 @ExceptionHandler, 1 ResponseBodyAdvice
2019-06-27 15:47:13 [main] INFO  o.s.s.c.ThreadPoolTaskScheduler - Initializing ExecutorService 'taskScheduler'
2019-06-27 15:47:13 [main] INFO  o.a.coyote.http11.Http11NioProtocol - Starting ProtocolHandler ["http-nio-8000"]
2019-06-27 15:47:13 [main] INFO  o.a.tomcat.util.net.NioSelectorPool - Using a shared selector for servlet write/read
2019-06-27 15:47:13 [main] INFO  o.s.b.w.e.tomcat.TomcatWebServer - Tomcat started on port(s): 8000 (http) with context path ''
2019-06-27 15:47:13 [main] INFO  VideoApplication - Started VideoApplication in 2.645 seconds (JVM running for 3.441)
2019-06-27 15:47:46 [http-nio-8000-exec-1] INFO  o.a.c.c.C.[Tomcat].[localhost].[/] - Initializing Spring DispatcherServlet 'dispatcherServlet'
2019-06-27 15:47:46 [http-nio-8000-exec-1] INFO  o.s.web.servlet.DispatcherServlet - Initializing Servlet 'dispatcherServlet'
2019-06-27 15:47:46 [http-nio-8000-exec-1] DEBUG o.s.web.servlet.DispatcherServlet - Detected StandardServletMultipartResolver
2019-06-27 15:47:46 [http-nio-8000-exec-1] DEBUG o.s.web.servlet.DispatcherServlet - enableLoggingRequestDetails='false': request parameters and headers will be masked to prevent unsafe logging of potentially sensitive data
2019-06-27 15:47:46 [http-nio-8000-exec-1] INFO  o.s.web.servlet.DispatcherServlet - Completed initialization in 5 ms
2019-06-27 15:47:46 [http-nio-8000-exec-1] DEBUG o.s.web.servlet.DispatcherServlet - GET "/api/v1/video/collect", parameters={}
2019-06-27 15:47:46 [http-nio-8000-exec-1] DEBUG o.s.w.s.m.m.a.RequestMappingHandlerMapping - Mapped to public org.springframework.http.ResponseEntity VideoController.collectVideo()
2019-06-27 15:47:46 [http-nio-8000-exec-1] INFO  c.d.video.common.task.ScheduledTask - ===>>>当前请求地址:http://caiji.kuyun98.com/inc/s_ldg_kkm3u8.php?ac=videolist&pg=1&h=&ids=&wd=<<<===
2019-06-27 15:48:13 [http-nio-8000-exec-1] INFO  c.d.video.common.task.ScheduledTask - ===>>>当前的采集平台:1, 当前采集的页码:1, 当前页面大小:20, 总页数:1578, 当前总记录数<<<===
2019-06-27 15:48:15 [http-nio-8000-exec-1] INFO  c.d.video.common.task.ScheduledTask - ===>>>当前请求地址:http://caiji.kuyun98.com/inc/s_ldg_kkm3u8.php?ac=videolist&pg=2&h=&ids=&wd=<<<===
2019-06-27 15:48:15 [http-nio-8000-exec-1] INFO  c.d.video.common.task.ScheduledTask - ===>>>当前的采集平台:1, 当前采集的页码:2, 当前页面大小:20, 总页数:1578, 当前总记录数<<<===
2019-06-27 15:49:09 [HikariPool-1 housekeeper] WARN  com.zaxxer.hikari.pool.HikariPool - HikariPool-1 - Thread starvation or clock leap detected (housekeeper delta=55s943ms).
2019-06-27 15:49:09 [http-nio-8000-exec-1] DEBUG o.s.w.s.m.m.a.ExceptionHandlerExceptionResolver - Using @ExceptionHandler public Resp RestExceptionController.badRequest()
2019-06-27 15:49:09 [http-nio-8000-exec-1] DEBUG o.s.w.s.m.m.a.ExceptionHandlerExceptionResolver - Resolved [com.baomidou.mybatisplus.exceptions.MybatisPlusException: Error: Cannot execute insertBatch Method. Cause]
2019-06-27 15:49:09 [http-nio-8000-exec-1] DEBUG o.s.web.servlet.DispatcherServlet - Completed 400 BAD_REQUEST
2019-06-27 17:00:00 [scheduling-1] INFO  c.d.video.common.task.ScheduledTask - ===>>>当前请求地址:http://caiji.kuyun98.com/inc/s_ldg_kkm3u8.php?ac=videolist&pg=1&h=&ids=&wd=<<<===
2019-06-27 17:01:37 [HikariPool-1 housekeeper] WARN  com.zaxxer.hikari.pool.HikariPool - HikariPool-1 - Thread starvation or clock leap detected (housekeeper delta=1m56s885ms).
2019-06-27 17:01:40 [Thread-9] INFO  o.s.s.c.ThreadPoolTaskScheduler - Shutting down ExecutorService 'taskScheduler'
2019-06-27 17:01:40 [Thread-9] INFO  o.s.s.c.ThreadPoolTaskExecutor - Shutting down ExecutorService 'applicationTaskExecutor'
2019-06-27 17:01:40 [Thread-9] INFO  com.zaxxer.hikari.HikariDataSource - HikariPool-1 - Shutdown initiated...
2019-06-27 17:01:40 [Thread-9] INFO  com.zaxxer.hikari.HikariDataSource - HikariPool-1 - Shutdown completed.
2019-06-27 17:01:40 [scheduling-1] WARN  com.zaxxer.hikari.pool.PoolBase - HikariPool-1 - Failed to validate connection com.mysql.cj.jdbc.ConnectionImpl@271fc04f (No operations allowed after connection closed.). Possibly consider using a shorter maxLifetime value.
2019-06-27 17:01:40 [scheduling-1] ERROR o.s.s.s.TaskUtils$LoggingErrorHandler - Unexpected error occurred in scheduled task.
org.springframework.transaction.CannotCreateTransactionException: Could not open JDBC Connection for transaction; nested exception is java.sql.SQLException: HikariPool-1 - Interrupted during connection acquisition
	at org.springframework.jdbc.datasource.DataSourceTransactionManager.doBegin(DataSourceTransactionManager.java:305)
	at org.springframework.transaction.support.AbstractPlatformTransactionManager.getTransaction(AbstractPlatformTransactionManager.java:378)
	at org.springframework.transaction.interceptor.TransactionAspectSupport.createTransactionIfNecessary(TransactionAspectSupport.java:474)
	at org.springframework.transaction.interceptor.TransactionAspectSupport.invokeWithinTransaction(TransactionAspectSupport.java:289)
	at org.springframework.transaction.interceptor.TransactionInterceptor.invoke(TransactionInterceptor.java:98)
	at org.springframework.aop.framework.ReflectiveMethodInvocation.proceed(ReflectiveMethodInvocation.java:186)
	at org.springframework.aop.framework.CglibAopProxy$DynamicAdvisedInterceptor.intercept(CglibAopProxy.java:688)
	at VideoServiceImpl$$EnhancerBySpringCGLIB$$37267a5c.addVideo(<generated>)
	at ScheduledTask.saveVideo(ScheduledTask.java:183)
	at ScheduledTask.collectVideo(ScheduledTask.java:92)
	at sun.reflect.NativeMethodAccessorImpl.invoke0(Native Method)
	at sun.reflect.NativeMethodAccessorImpl.invoke(NativeMethodAccessorImpl.java:62)
	at sun.reflect.DelegatingMethodAccessorImpl.invoke(DelegatingMethodAccessorImpl.java:43)
	at java.lang.reflect.Method.invoke(Method.java:498)
	at org.springframework.scheduling.support.ScheduledMethodRunnable.run(ScheduledMethodRunnable.java:84)
	at org.springframework.scheduling.support.DelegatingErrorHandlingRunnable.run(DelegatingErrorHandlingRunnable.java:54)
	at org.springframework.scheduling.concurrent.ReschedulingRunnable.run(ReschedulingRunnable.java:93)
	at java.util.concurrent.Executors$RunnableAdapter.call(Executors.java:511)
	at java.util.concurrent.FutureTask.run$$$capture(FutureTask.java:266)
	at java.util.concurrent.FutureTask.run(FutureTask.java)
	at java.util.concurrent.ScheduledThreadPoolExecutor$ScheduledFutureTask.access$201(ScheduledThreadPoolExecutor.java:180)
	at java.util.concurrent.ScheduledThreadPoolExecutor$ScheduledFutureTask.run(ScheduledThreadPoolExecutor.java:293)
	at java.util.concurrent.ThreadPoolExecutor.runWorker(ThreadPoolExecutor.java:1149)
	at java.util.concurrent.ThreadPoolExecutor$Worker.run(ThreadPoolExecutor.java:624)
	at java.lang.Thread.run(Thread.java:748)
Caused by: java.sql.SQLException: HikariPool-1 - Interrupted during connection acquisition
	at com.zaxxer.hikari.pool.HikariPool.getConnection(HikariPool.java:194)
	at com.zaxxer.hikari.pool.HikariPool.getConnection(HikariPool.java:155)
	at com.zaxxer.hikari.HikariDataSource.getConnection(HikariDataSource.java:128)
	at org.springframework.jdbc.datasource.DataSourceTransactionManager.doBegin(DataSourceTransactionManager.java:262)
	... 24 common frames omitted
Caused by: java.lang.InterruptedException: null
	at java.util.concurrent.SynchronousQueue.poll(SynchronousQueue.java:944)
	at com.zaxxer.hikari.util.ConcurrentBag.borrow(ConcurrentBag.java:157)
	at com.zaxxer.hikari.pool.HikariPool.getConnection(HikariPool.java:173)
	... 27 common frames omitted
2019-06-27 19:13:04 [main] INFO  VideoApplication - Starting VideoApplication on guiliangyindeMacBook-Pro.local with PID 5537 (/Users/guiliangyin/video/target/classes started by guiliangyin in /Users/guiliangyin/video)
2019-06-27 19:13:04 [main] INFO  VideoApplication - The following profiles are active: dev
2019-06-27 19:13:05 [main] INFO  o.s.b.w.e.tomcat.TomcatWebServer - Tomcat initialized with port(s): 8000 (http)
2019-06-27 19:13:05 [main] INFO  o.a.coyote.http11.Http11NioProtocol - Initializing ProtocolHandler ["http-nio-8000"]
2019-06-27 19:13:05 [main] INFO  o.a.catalina.core.StandardService - Starting service [Tomcat]
2019-06-27 19:13:05 [main] INFO  o.a.catalina.core.StandardEngine - Starting Servlet Engine: Apache Tomcat/9.0.13
2019-06-27 19:13:05 [main] INFO  o.a.c.core.AprLifecycleListener - The APR based Apache Tomcat Native library which allows optimal performance in production environments was not found on the java.library.path: [/Users/guiliangyin/Library/Java/Extensions:/Library/Java/Extensions:/Network/Library/Java/Extensions:/System/Library/Java/Extensions:/usr/lib/java:.]
2019-06-27 19:13:05 [main] INFO  o.a.c.c.C.[Tomcat].[localhost].[/] - Initializing Spring embedded WebApplicationContext
2019-06-27 19:13:05 [main] DEBUG o.s.web.context.ContextLoader - Published root WebApplicationContext as ServletContext attribute with name [org.springframework.web.context.WebApplicationContext.ROOT]
2019-06-27 19:13:05 [main] INFO  o.s.web.context.ContextLoader - Root WebApplicationContext: initialization completed in 1057 ms
2019-06-27 19:13:05 [main] INFO  com.zaxxer.hikari.HikariDataSource - HikariPool-1 - Starting...
2019-06-27 19:13:06 [main] INFO  com.zaxxer.hikari.HikariDataSource - HikariPool-1 - Start completed.
2019-06-27 19:13:06 [main] DEBUG o.s.w.s.h.SimpleUrlHandlerMapping - Patterns [/**/favicon.ico] in 'faviconHandlerMapping'
2019-06-27 19:13:06 [main] INFO  o.s.s.c.ThreadPoolTaskExecutor - Initializing ExecutorService 'applicationTaskExecutor'
2019-06-27 19:13:06 [main] DEBUG o.s.w.s.m.m.a.RequestMappingHandlerAdapter - ControllerAdvice beans: 0 @ModelAttribute, 0 @InitBinder, 1 RequestBodyAdvice, 1 ResponseBodyAdvice
2019-06-27 19:13:06 [main] DEBUG o.s.w.s.m.m.a.RequestMappingHandlerMapping - 4 mappings in 'requestMappingHandlerMapping'
2019-06-27 19:13:06 [main] DEBUG o.s.w.s.h.SimpleUrlHandlerMapping - Patterns [/webjars/**, /**] in 'resourceHandlerMapping'
2019-06-27 19:13:06 [main] DEBUG o.s.w.s.m.m.a.ExceptionHandlerExceptionResolver - ControllerAdvice beans: 1 @ExceptionHandler, 1 ResponseBodyAdvice
2019-06-27 19:13:06 [main] INFO  o.s.s.c.ThreadPoolTaskScheduler - Initializing ExecutorService 'taskScheduler'
2019-06-27 19:13:06 [main] INFO  o.a.coyote.http11.Http11NioProtocol - Starting ProtocolHandler ["http-nio-8000"]
2019-06-27 19:13:06 [main] INFO  o.a.tomcat.util.net.NioSelectorPool - Using a shared selector for servlet write/read
2019-06-27 19:13:06 [main] INFO  o.s.b.w.e.tomcat.TomcatWebServer - Tomcat started on port(s): 8000 (http) with context path ''
2019-06-27 19:13:06 [main] INFO  VideoApplication - Started VideoApplication in 3.123 seconds (JVM running for 3.765)
2019-06-27 19:30:21 [Thread-10] INFO  o.s.s.c.ThreadPoolTaskScheduler - Shutting down ExecutorService 'taskScheduler'
2019-06-27 19:30:21 [Thread-10] INFO  o.s.s.c.ThreadPoolTaskExecutor - Shutting down ExecutorService 'applicationTaskExecutor'
2019-06-27 19:30:21 [Thread-10] INFO  com.zaxxer.hikari.HikariDataSource - HikariPool-1 - Shutdown initiated...
2019-06-27 19:30:21 [Thread-10] INFO  com.zaxxer.hikari.HikariDataSource - HikariPool-1 - Shutdown completed.
2019-06-27 19:30:25 [main] INFO  VideoApplication - Starting VideoApplication on guiliangyindeMacBook-Pro.local with PID 5619 (/Users/guiliangyin/video/target/classes started by guiliangyin in /Users/guiliangyin/video)
2019-06-27 19:30:25 [main] INFO  VideoApplication - The following profiles are active: dev
2019-06-27 19:30:26 [main] INFO  o.s.b.w.e.tomcat.TomcatWebServer - Tomcat initialized with port(s): 8000 (http)
2019-06-27 19:30:26 [main] INFO  o.a.coyote.http11.Http11NioProtocol - Initializing ProtocolHandler ["http-nio-8000"]
2019-06-27 19:30:26 [main] INFO  o.a.catalina.core.StandardService - Starting service [Tomcat]
2019-06-27 19:30:26 [main] INFO  o.a.catalina.core.StandardEngine - Starting Servlet Engine: Apache Tomcat/9.0.13
2019-06-27 19:30:26 [main] INFO  o.a.c.core.AprLifecycleListener - The APR based Apache Tomcat Native library which allows optimal performance in production environments was not found on the java.library.path: [/Users/guiliangyin/Library/Java/Extensions:/Library/Java/Extensions:/Network/Library/Java/Extensions:/System/Library/Java/Extensions:/usr/lib/java:.]
2019-06-27 19:30:26 [main] INFO  o.a.c.c.C.[Tomcat].[localhost].[/] - Initializing Spring embedded WebApplicationContext
2019-06-27 19:30:26 [main] DEBUG o.s.web.context.ContextLoader - Published root WebApplicationContext as ServletContext attribute with name [org.springframework.web.context.WebApplicationContext.ROOT]
2019-06-27 19:30:26 [main] INFO  o.s.web.context.ContextLoader - Root WebApplicationContext: initialization completed in 953 ms
2019-06-27 19:30:27 [main] INFO  com.zaxxer.hikari.HikariDataSource - HikariPool-1 - Starting...
2019-06-27 19:30:27 [main] INFO  com.zaxxer.hikari.HikariDataSource - HikariPool-1 - Start completed.
2019-06-27 19:30:28 [main] DEBUG o.s.w.s.h.SimpleUrlHandlerMapping - Patterns [/**/favicon.ico] in 'faviconHandlerMapping'
2019-06-27 19:30:28 [main] INFO  o.s.s.c.ThreadPoolTaskExecutor - Initializing ExecutorService 'applicationTaskExecutor'
2019-06-27 19:30:28 [main] DEBUG o.s.w.s.m.m.a.RequestMappingHandlerAdapter - ControllerAdvice beans: 0 @ModelAttribute, 0 @InitBinder, 1 RequestBodyAdvice, 1 ResponseBodyAdvice
2019-06-27 19:30:28 [main] DEBUG o.s.w.s.m.m.a.RequestMappingHandlerMapping - 4 mappings in 'requestMappingHandlerMapping'
2019-06-27 19:30:28 [main] DEBUG o.s.w.s.h.SimpleUrlHandlerMapping - Patterns [/webjars/**, /**] in 'resourceHandlerMapping'
2019-06-27 19:30:28 [main] DEBUG o.s.w.s.m.m.a.ExceptionHandlerExceptionResolver - ControllerAdvice beans: 1 @ExceptionHandler, 1 ResponseBodyAdvice
2019-06-27 19:30:28 [main] INFO  o.s.s.c.ThreadPoolTaskScheduler - Initializing ExecutorService 'taskScheduler'
2019-06-27 19:30:28 [main] INFO  o.a.coyote.http11.Http11NioProtocol - Starting ProtocolHandler ["http-nio-8000"]
2019-06-27 19:30:28 [main] INFO  o.a.tomcat.util.net.NioSelectorPool - Using a shared selector for servlet write/read
2019-06-27 19:30:28 [main] INFO  o.s.b.w.e.tomcat.TomcatWebServer - Tomcat started on port(s): 8000 (http) with context path ''
2019-06-27 19:30:28 [main] INFO  VideoApplication - Started VideoApplication in 2.883 seconds (JVM running for 3.502)
2019-06-27 19:30:56 [http-nio-8000-exec-1] INFO  o.a.c.c.C.[Tomcat].[localhost].[/] - Initializing Spring DispatcherServlet 'dispatcherServlet'
2019-06-27 19:30:56 [http-nio-8000-exec-1] INFO  o.s.web.servlet.DispatcherServlet - Initializing Servlet 'dispatcherServlet'
2019-06-27 19:30:56 [http-nio-8000-exec-1] DEBUG o.s.web.servlet.DispatcherServlet - Detected StandardServletMultipartResolver
2019-06-27 19:30:56 [http-nio-8000-exec-1] DEBUG o.s.web.servlet.DispatcherServlet - enableLoggingRequestDetails='false': request parameters and headers will be masked to prevent unsafe logging of potentially sensitive data
2019-06-27 19:30:56 [http-nio-8000-exec-1] INFO  o.s.web.servlet.DispatcherServlet - Completed initialization in 6 ms
2019-06-27 19:30:56 [http-nio-8000-exec-1] DEBUG o.s.web.servlet.DispatcherServlet - GET "/api/v1/video/collect", parameters={}
2019-06-27 19:30:56 [http-nio-8000-exec-1] DEBUG o.s.w.s.m.m.a.RequestMappingHandlerMapping - Mapped to public org.springframework.http.ResponseEntity VideoController.collectVideo()
2019-06-27 19:30:56 [http-nio-8000-exec-1] INFO  c.d.video.common.task.ScheduledTask - ===>>>当前请求地址:http://caiji.kuyun98.com/inc/s_ldg_kkm3u8.php?ac=videolist&pg=1&h=&ids=&wd=<<<===
2019-06-27 19:30:59 [http-nio-8000-exec-1] INFO  c.d.video.common.task.ScheduledTask - ===>>>当前的采集平台:1, 当前采集的页码:1, 当前页面大小:20, 总页数:1578, 当前总记录数<<<===
2019-06-27 19:30:59 [http-nio-8000-exec-1] INFO  c.d.video.common.task.ScheduledTask - ===>>>当前请求地址:http://caiji.kuyun98.com/inc/s_ldg_kkm3u8.php?ac=videolist&pg=2&h=&ids=&wd=<<<===
2019-06-27 19:31:00 [http-nio-8000-exec-1] INFO  c.d.video.common.task.ScheduledTask - ===>>>当前的采集平台:1, 当前采集的页码:2, 当前页面大小:20, 总页数:1578, 当前总记录数<<<===
2019-06-27 19:31:01 [http-nio-8000-exec-1] DEBUG o.s.w.s.m.m.a.ExceptionHandlerExceptionResolver - Using @ExceptionHandler public Resp RestExceptionController.badRequest()
2019-06-27 19:31:01 [http-nio-8000-exec-1] DEBUG o.s.w.s.m.m.a.ExceptionHandlerExceptionResolver - Resolved [com.baomidou.mybatisplus.exceptions.MybatisPlusException: Error: Cannot execute insertBatch Method. Cause]
2019-06-27 19:31:01 [http-nio-8000-exec-1] DEBUG o.s.web.servlet.DispatcherServlet - Completed 400 BAD_REQUEST
2019-06-27 19:33:27 [Thread-9] INFO  o.s.s.c.ThreadPoolTaskScheduler - Shutting down ExecutorService 'taskScheduler'
2019-06-27 19:33:27 [Thread-9] INFO  o.s.s.c.ThreadPoolTaskExecutor - Shutting down ExecutorService 'applicationTaskExecutor'
2019-06-27 19:33:27 [Thread-9] INFO  com.zaxxer.hikari.HikariDataSource - HikariPool-1 - Shutdown initiated...
2019-06-27 19:33:27 [Thread-9] INFO  com.zaxxer.hikari.HikariDataSource - HikariPool-1 - Shutdown completed.
2019-06-27 19:33:31 [main] INFO  VideoApplication - Starting VideoApplication on guiliangyindeMacBook-Pro.local with PID 5632 (/Users/guiliangyin/video/target/classes started by guiliangyin in /Users/guiliangyin/video)
2019-06-27 19:33:31 [main] INFO  VideoApplication - The following profiles are active: dev
2019-06-27 19:33:32 [main] INFO  o.s.b.w.e.tomcat.TomcatWebServer - Tomcat initialized with port(s): 8000 (http)
2019-06-27 19:33:32 [main] INFO  o.a.coyote.http11.Http11NioProtocol - Initializing ProtocolHandler ["http-nio-8000"]
2019-06-27 19:33:32 [main] INFO  o.a.catalina.core.StandardService - Starting service [Tomcat]
2019-06-27 19:33:32 [main] INFO  o.a.catalina.core.StandardEngine - Starting Servlet Engine: Apache Tomcat/9.0.13
2019-06-27 19:33:32 [main] INFO  o.a.c.core.AprLifecycleListener - The APR based Apache Tomcat Native library which allows optimal performance in production environments was not found on the java.library.path: [/Users/guiliangyin/Library/Java/Extensions:/Library/Java/Extensions:/Network/Library/Java/Extensions:/System/Library/Java/Extensions:/usr/lib/java:.]
2019-06-27 19:33:32 [main] INFO  o.a.c.c.C.[Tomcat].[localhost].[/] - Initializing Spring embedded WebApplicationContext
2019-06-27 19:33:32 [main] DEBUG o.s.web.context.ContextLoader - Published root WebApplicationContext as ServletContext attribute with name [org.springframework.web.context.WebApplicationContext.ROOT]
2019-06-27 19:33:32 [main] INFO  o.s.web.context.ContextLoader - Root WebApplicationContext: initialization completed in 889 ms
2019-06-27 19:33:32 [main] INFO  com.zaxxer.hikari.HikariDataSource - HikariPool-1 - Starting...
2019-06-27 19:33:33 [main] INFO  com.zaxxer.hikari.HikariDataSource - HikariPool-1 - Start completed.
2019-06-27 19:33:33 [main] DEBUG o.s.w.s.h.SimpleUrlHandlerMapping - Patterns [/**/favicon.ico] in 'faviconHandlerMapping'
2019-06-27 19:33:33 [main] INFO  o.s.s.c.ThreadPoolTaskExecutor - Initializing ExecutorService 'applicationTaskExecutor'
2019-06-27 19:33:33 [main] DEBUG o.s.w.s.m.m.a.RequestMappingHandlerAdapter - ControllerAdvice beans: 0 @ModelAttribute, 0 @InitBinder, 1 RequestBodyAdvice, 1 ResponseBodyAdvice
2019-06-27 19:33:33 [main] DEBUG o.s.w.s.m.m.a.RequestMappingHandlerMapping - 4 mappings in 'requestMappingHandlerMapping'
2019-06-27 19:33:33 [main] DEBUG o.s.w.s.h.SimpleUrlHandlerMapping - Patterns [/webjars/**, /**] in 'resourceHandlerMapping'
2019-06-27 19:33:33 [main] DEBUG o.s.w.s.m.m.a.ExceptionHandlerExceptionResolver - ControllerAdvice beans: 1 @ExceptionHandler, 1 ResponseBodyAdvice
2019-06-27 19:33:34 [main] INFO  o.s.s.c.ThreadPoolTaskScheduler - Initializing ExecutorService 'taskScheduler'
2019-06-27 19:33:34 [main] INFO  o.a.coyote.http11.Http11NioProtocol - Starting ProtocolHandler ["http-nio-8000"]
2019-06-27 19:33:34 [main] INFO  o.a.tomcat.util.net.NioSelectorPool - Using a shared selector for servlet write/read
2019-06-27 19:33:34 [main] INFO  o.s.b.w.e.tomcat.TomcatWebServer - Tomcat started on port(s): 8000 (http) with context path ''
2019-06-27 19:33:34 [main] INFO  VideoApplication - Started VideoApplication in 2.781 seconds (JVM running for 3.316)
2019-06-27 19:34:03 [http-nio-8000-exec-1] INFO  o.a.c.c.C.[Tomcat].[localhost].[/] - Initializing Spring DispatcherServlet 'dispatcherServlet'
2019-06-27 19:34:03 [http-nio-8000-exec-1] INFO  o.s.web.servlet.DispatcherServlet - Initializing Servlet 'dispatcherServlet'
2019-06-27 19:34:03 [http-nio-8000-exec-1] DEBUG o.s.web.servlet.DispatcherServlet - Detected StandardServletMultipartResolver
2019-06-27 19:34:03 [http-nio-8000-exec-1] DEBUG o.s.web.servlet.DispatcherServlet - enableLoggingRequestDetails='false': request parameters and headers will be masked to prevent unsafe logging of potentially sensitive data
2019-06-27 19:34:03 [http-nio-8000-exec-1] INFO  o.s.web.servlet.DispatcherServlet - Completed initialization in 5 ms
2019-06-27 19:34:03 [http-nio-8000-exec-1] DEBUG o.s.web.servlet.DispatcherServlet - GET "/api/v1/video/collect", parameters={}
2019-06-27 19:34:03 [http-nio-8000-exec-1] DEBUG o.s.w.s.m.m.a.RequestMappingHandlerMapping - Mapped to public org.springframework.http.ResponseEntity VideoController.collectVideo()
2019-06-27 19:34:03 [http-nio-8000-exec-1] INFO  c.d.video.common.task.ScheduledTask - ===>>>当前请求地址:http://caiji.kuyun98.com/inc/s_ldg_kkm3u8.php?ac=videolist&pg=1&h=&ids=&wd=<<<===
2019-06-27 19:34:05 [http-nio-8000-exec-1] INFO  c.d.video.common.task.ScheduledTask - ===>>>当前的采集平台:1, 当前采集的页码:1, 当前页面大小:20, 总页数:1578, 当前总记录数<<<===
2019-06-27 19:34:05 [http-nio-8000-exec-1] INFO  c.d.video.common.task.ScheduledTask - ===>>>当前请求地址:http://caiji.kuyun98.com/inc/s_ldg_kkm3u8.php?ac=videolist&pg=2&h=&ids=&wd=<<<===
2019-06-27 19:34:06 [http-nio-8000-exec-1] INFO  c.d.video.common.task.ScheduledTask - ===>>>当前的采集平台:1, 当前采集的页码:2, 当前页面大小:20, 总页数:1578, 当前总记录数<<<===
2019-06-27 19:34:07 [http-nio-8000-exec-1] DEBUG o.s.w.s.m.m.a.ExceptionHandlerExceptionResolver - Using @ExceptionHandler public org.springframework.http.ResponseEntity RestExceptionController.badRequest(java.lang.RuntimeException)
2019-06-27 19:34:07 [http-nio-8000-exec-1] ERROR c.d.v.c.e.RestExceptionController - Error: Cannot execute insertBatch Method. Cause
com.baomidou.mybatisplus.exceptions.MybatisPlusException: Error: Cannot execute insertBatch Method. Cause
	at com.baomidou.mybatisplus.service.impl.ServiceImpl.insertBatch(ServiceImpl.java:137)
	at com.baomidou.mybatisplus.service.impl.ServiceImpl.insertBatch(ServiceImpl.java:110)
	at VideoServiceImpl.addVideo(VideoServiceImpl.java:23)
	at VideoServiceImpl$$FastClassBySpringCGLIB$$b948a48.invoke(<generated>)
	at org.springframework.cglib.proxy.MethodProxy.invoke(MethodProxy.java:218)
	at org.springframework.aop.framework.CglibAopProxy$CglibMethodInvocation.invokeJoinpoint(CglibAopProxy.java:749)
	at org.springframework.aop.framework.ReflectiveMethodInvocation.proceed(ReflectiveMethodInvocation.java:163)
	at org.springframework.transaction.interceptor.TransactionAspectSupport.invokeWithinTransaction(TransactionAspectSupport.java:294)
	at org.springframework.transaction.interceptor.TransactionInterceptor.invoke(TransactionInterceptor.java:98)
	at org.springframework.aop.framework.ReflectiveMethodInvocation.proceed(ReflectiveMethodInvocation.java:186)
	at org.springframework.aop.framework.CglibAopProxy$DynamicAdvisedInterceptor.intercept(CglibAopProxy.java:688)
	at VideoServiceImpl$$EnhancerBySpringCGLIB$$6675b8b6.addVideo(<generated>)
	at ScheduledTask.saveVideo(ScheduledTask.java:183)
	at ScheduledTask.collectVideo(ScheduledTask.java:124)
	at VideoController.collectVideo(VideoController.java:44)
	at sun.reflect.NativeMethodAccessorImpl.invoke0(Native Method)
	at sun.reflect.NativeMethodAccessorImpl.invoke(NativeMethodAccessorImpl.java:62)
	at sun.reflect.DelegatingMethodAccessorImpl.invoke(DelegatingMethodAccessorImpl.java:43)
	at java.lang.reflect.Method.invoke(Method.java:498)
	at org.springframework.web.method.support.InvocableHandlerMethod.doInvoke(InvocableHandlerMethod.java:189)
	at org.springframework.web.method.support.InvocableHandlerMethod.invokeForRequest(InvocableHandlerMethod.java:138)
	at org.springframework.web.servlet.mvc.method.annotation.ServletInvocableHandlerMethod.invokeAndHandle(ServletInvocableHandlerMethod.java:102)
	at org.springframework.web.servlet.mvc.method.annotation.RequestMappingHandlerAdapter.invokeHandlerMethod(RequestMappingHandlerAdapter.java:895)
	at org.springframework.web.servlet.mvc.method.annotation.RequestMappingHandlerAdapter.handleInternal(RequestMappingHandlerAdapter.java:800)
	at org.springframework.web.servlet.mvc.method.AbstractHandlerMethodAdapter.handle(AbstractHandlerMethodAdapter.java:87)
	at org.springframework.web.servlet.DispatcherServlet.doDispatch(DispatcherServlet.java:1038)
	at org.springframework.web.servlet.DispatcherServlet.doService(DispatcherServlet.java:942)
	at org.springframework.web.servlet.FrameworkServlet.processRequest(FrameworkServlet.java:1005)
	at org.springframework.web.servlet.FrameworkServlet.doGet(FrameworkServlet.java:897)
	at javax.servlet.http.HttpServlet.service(HttpServlet.java:634)
	at org.springframework.web.servlet.FrameworkServlet.service(FrameworkServlet.java:882)
	at javax.servlet.http.HttpServlet.service(HttpServlet.java:741)
	at org.apache.catalina.core.ApplicationFilterChain.internalDoFilter(ApplicationFilterChain.java:231)
	at org.apache.catalina.core.ApplicationFilterChain.doFilter(ApplicationFilterChain.java:166)
	at org.apache.tomcat.websocket.server.WsFilter.doFilter(WsFilter.java:53)
	at org.apache.catalina.core.ApplicationFilterChain.internalDoFilter(ApplicationFilterChain.java:193)
	at org.apache.catalina.core.ApplicationFilterChain.doFilter(ApplicationFilterChain.java:166)
	at org.springframework.web.filter.RequestContextFilter.doFilterInternal(RequestContextFilter.java:99)
	at org.springframework.web.filter.OncePerRequestFilter.doFilter(OncePerRequestFilter.java:107)
	at org.apache.catalina.core.ApplicationFilterChain.internalDoFilter(ApplicationFilterChain.java:193)
	at org.apache.catalina.core.ApplicationFilterChain.doFilter(ApplicationFilterChain.java:166)
	at org.springframework.web.filter.FormContentFilter.doFilterInternal(FormContentFilter.java:92)
	at org.springframework.web.filter.OncePerRequestFilter.doFilter(OncePerRequestFilter.java:107)
	at org.apache.catalina.core.ApplicationFilterChain.internalDoFilter(ApplicationFilterChain.java:193)
	at org.apache.catalina.core.ApplicationFilterChain.doFilter(ApplicationFilterChain.java:166)
	at org.springframework.web.filter.HiddenHttpMethodFilter.doFilterInternal(HiddenHttpMethodFilter.java:93)
	at org.springframework.web.filter.OncePerRequestFilter.doFilter(OncePerRequestFilter.java:107)
	at org.apache.catalina.core.ApplicationFilterChain.internalDoFilter(ApplicationFilterChain.java:193)
	at org.apache.catalina.core.ApplicationFilterChain.doFilter(ApplicationFilterChain.java:166)
	at org.springframework.web.filter.CharacterEncodingFilter.doFilterInternal(CharacterEncodingFilter.java:200)
	at org.springframework.web.filter.OncePerRequestFilter.doFilter(OncePerRequestFilter.java:107)
	at org.apache.catalina.core.ApplicationFilterChain.internalDoFilter(ApplicationFilterChain.java:193)
	at org.apache.catalina.core.ApplicationFilterChain.doFilter(ApplicationFilterChain.java:166)
	at org.apache.catalina.core.StandardWrapperValve.invoke(StandardWrapperValve.java:199)
	at org.apache.catalina.core.StandardContextValve.invoke(StandardContextValve.java:96)
	at org.apache.catalina.authenticator.AuthenticatorBase.invoke(AuthenticatorBase.java:490)
	at org.apache.catalina.core.StandardHostValve.invoke(StandardHostValve.java:139)
	at org.apache.catalina.valves.ErrorReportValve.invoke(ErrorReportValve.java:92)
	at org.apache.catalina.core.StandardEngineValve.invoke(StandardEngineValve.java:74)
	at org.apache.catalina.connector.CoyoteAdapter.service(CoyoteAdapter.java:343)
	at org.apache.coyote.http11.Http11Processor.service(Http11Processor.java:408)
	at org.apache.coyote.AbstractProcessorLight.process(AbstractProcessorLight.java:66)
	at org.apache.coyote.AbstractProtocol$ConnectionHandler.process(AbstractProtocol.java:791)
	at org.apache.tomcat.util.net.NioEndpoint$SocketProcessor.doRun(NioEndpoint.java:1417)
	at org.apache.tomcat.util.net.SocketProcessorBase.run(SocketProcessorBase.java:49)
	at java.util.concurrent.ThreadPoolExecutor.runWorker(ThreadPoolExecutor.java:1149)
	at java.util.concurrent.ThreadPoolExecutor$Worker.run(ThreadPoolExecutor.java:624)
	at org.apache.tomcat.util.threads.TaskThread$WrappingRunnable.run(TaskThread.java:61)
	at java.lang.Thread.run(Thread.java:748)
Caused by: org.apache.ibatis.exceptions.PersistenceException:
### Error flushing statements.  Cause: org.apache.ibatis.executor.BatchExecutorException: VideoMapper.insert (batch index #1) failed. Cause: java.sql.BatchUpdateException: Data truncation: Data too long for column 'description' at row 1
### Cause: org.apache.ibatis.executor.BatchExecutorException: VideoMapper.insert (batch index #1) failed. Cause: java.sql.BatchUpdateException: Data truncation: Data too long for column 'description' at row 1
	at org.apache.ibatis.exceptions.ExceptionFactory.wrapException(ExceptionFactory.java:30)
	at org.apache.ibatis.session.defaults.DefaultSqlSession.flushStatements(DefaultSqlSession.java:255)
	at com.baomidou.mybatisplus.service.impl.ServiceImpl.insertBatch(ServiceImpl.java:135)
	... 68 common frames omitted
Caused by: org.apache.ibatis.executor.BatchExecutorException: VideoMapper.insert (batch index #1) failed. Cause: java.sql.BatchUpdateException: Data truncation: Data too long for column 'description' at row 1
	at org.apache.ibatis.executor.BatchExecutor.doFlushStatements(BatchExecutor.java:148)
	at org.apache.ibatis.executor.BaseExecutor.flushStatements(BaseExecutor.java:129)
	at org.apache.ibatis.executor.BaseExecutor.flushStatements(BaseExecutor.java:122)
	at org.apache.ibatis.executor.CachingExecutor.flushStatements(CachingExecutor.java:114)
	at org.apache.ibatis.session.defaults.DefaultSqlSession.flushStatements(DefaultSqlSession.java:253)
	... 69 common frames omitted
Caused by: java.sql.BatchUpdateException: Data truncation: Data too long for column 'description' at row 1
	at sun.reflect.NativeConstructorAccessorImpl.newInstance0(Native Method)
	at sun.reflect.NativeConstructorAccessorImpl.newInstance(NativeConstructorAccessorImpl.java:62)
	at sun.reflect.DelegatingConstructorAccessorImpl.newInstance(DelegatingConstructorAccessorImpl.java:45)
	at java.lang.reflect.Constructor.newInstance(Constructor.java:423)
	at com.mysql.cj.util.Util.handleNewInstance(Util.java:191)
	at com.mysql.cj.util.Util.getInstance(Util.java:166)
	at com.mysql.cj.util.Util.getInstance(Util.java:173)
	at com.mysql.cj.jdbc.exceptions.SQLError.createBatchUpdateException(SQLError.java:224)
	at com.mysql.cj.jdbc.ClientPreparedStatement.executeBatchSerially(ClientPreparedStatement.java:874)
	at com.mysql.cj.jdbc.ClientPreparedStatement.executeBatchInternal(ClientPreparedStatement.java:456)
	at com.mysql.cj.jdbc.StatementImpl.executeBatch(StatementImpl.java:814)
	at com.zaxxer.hikari.pool.ProxyStatement.executeBatch(ProxyStatement.java:128)
	at com.zaxxer.hikari.pool.HikariProxyPreparedStatement.executeBatch(HikariProxyPreparedStatement.java)
	at org.apache.ibatis.executor.BatchExecutor.doFlushStatements(BatchExecutor.java:122)
	... 73 common frames omitted
Caused by: com.mysql.cj.jdbc.exceptions.MysqlDataTruncation: Data truncation: Data too long for column 'description' at row 1
	at com.mysql.cj.jdbc.exceptions.SQLExceptionsMapping.translateException(SQLExceptionsMapping.java:104)
	at com.mysql.cj.jdbc.ClientPreparedStatement.executeInternal(ClientPreparedStatement.java:974)
	at com.mysql.cj.jdbc.ClientPreparedStatement.executeUpdateInternal(ClientPreparedStatement.java:1113)
	at com.mysql.cj.jdbc.ClientPreparedStatement.executeBatchSerially(ClientPreparedStatement.java:853)
	... 78 common frames omitted
2019-06-27 19:34:07 [http-nio-8000-exec-1] DEBUG o.s.w.s.m.m.a.HttpEntityMethodProcessor - Using 'text/plain', given [*/*] and supported [text/plain, */*, text/plain, */*, application/json, application/*+json, application/json, application/*+json, application/x-jackson-smile, application/cbor]
2019-06-27 19:34:07 [http-nio-8000-exec-1] DEBUG o.s.w.s.m.m.a.HttpEntityMethodProcessor - Writing ["服务不可用"]
2019-06-27 19:34:07 [http-nio-8000-exec-1] DEBUG o.s.w.s.m.m.a.ExceptionHandlerExceptionResolver - Resolved [com.baomidou.mybatisplus.exceptions.MybatisPlusException: Error: Cannot execute insertBatch Method. Cause]
2019-06-27 19:34:07 [http-nio-8000-exec-1] DEBUG o.s.web.servlet.DispatcherServlet - Completed 200 OK
2019-06-27 19:34:54 [http-nio-8000-exec-2] DEBUG o.s.web.servlet.DispatcherServlet - GET "/api/v1/video/collect", parameters={}
2019-06-27 19:34:54 [http-nio-8000-exec-2] DEBUG o.s.w.s.m.m.a.RequestMappingHandlerMapping - Mapped to public org.springframework.http.ResponseEntity VideoController.collectVideo()
2019-06-27 19:34:54 [http-nio-8000-exec-2] INFO  c.d.video.common.task.ScheduledTask - ===>>>当前请求地址:http://caiji.kuyun98.com/inc/s_ldg_kkm3u8.php?ac=videolist&pg=1&h=&ids=&wd=<<<===
2019-06-27 19:34:56 [http-nio-8000-exec-2] INFO  c.d.video.common.task.ScheduledTask - ===>>>当前的采集平台:1, 当前采集的页码:1, 当前页面大小:20, 总页数:1578, 当前总记录数<<<===
2019-06-27 19:34:56 [http-nio-8000-exec-2] INFO  c.d.video.common.task.ScheduledTask - ===>>>当前请求地址:http://caiji.kuyun98.com/inc/s_ldg_kkm3u8.php?ac=videolist&pg=2&h=&ids=&wd=<<<===
2019-06-27 19:34:56 [http-nio-8000-exec-2] INFO  c.d.video.common.task.ScheduledTask - ===>>>当前的采集平台:1, 当前采集的页码:2, 当前页面大小:20, 总页数:1578, 当前总记录数<<<===
2019-06-27 19:34:58 [http-nio-8000-exec-2] INFO  c.d.video.common.task.ScheduledTask - ===>>>当前请求地址:http://caiji.kuyun98.com/inc/s_ldg_kkm3u8.php?ac=videolist&pg=3&h=&ids=&wd=<<<===
2019-06-27 19:34:58 [http-nio-8000-exec-2] INFO  c.d.video.common.task.ScheduledTask - ===>>>当前的采集平台:1, 当前采集的页码:3, 当前页面大小:20, 总页数:1578, 当前总记录数<<<===
2019-06-27 19:34:58 [http-nio-8000-exec-2] ERROR c.d.video.common.constant.VideoEnum - ===>>>当前未匹配的枚举值为 : 动画片<<<===
2019-06-27 19:34:58 [http-nio-8000-exec-2] DEBUG o.s.w.s.m.m.a.ExceptionHandlerExceptionResolver - Using @ExceptionHandler public org.springframework.http.ResponseEntity RestExceptionController.badRequest(java.lang.RuntimeException)
2019-06-27 19:34:58 [http-nio-8000-exec-2] ERROR c.d.v.c.e.RestExceptionController - 没有对应的枚举
java.lang.RuntimeException: 没有对应的枚举
	at VideoEnum.getOrderByCn(VideoEnum.java:71)
	at ScheduledTask.lambda$saveVideo$0(ScheduledTask.java:176)
	at java.util.ArrayList.forEach(ArrayList.java:1257)
	at ScheduledTask.saveVideo(ScheduledTask.java:133)
	at ScheduledTask.collectVideo(ScheduledTask.java:124)
	at VideoController.collectVideo(VideoController.java:44)
	at sun.reflect.NativeMethodAccessorImpl.invoke0(Native Method)
	at sun.reflect.NativeMethodAccessorImpl.invoke(NativeMethodAccessorImpl.java:62)
	at sun.reflect.DelegatingMethodAccessorImpl.invoke(DelegatingMethodAccessorImpl.java:43)
	at java.lang.reflect.Method.invoke(Method.java:498)
	at org.springframework.web.method.support.InvocableHandlerMethod.doInvoke(InvocableHandlerMethod.java:189)
	at org.springframework.web.method.support.InvocableHandlerMethod.invokeForRequest(InvocableHandlerMethod.java:138)
	at org.springframework.web.servlet.mvc.method.annotation.ServletInvocableHandlerMethod.invokeAndHandle(ServletInvocableHandlerMethod.java:102)
	at org.springframework.web.servlet.mvc.method.annotation.RequestMappingHandlerAdapter.invokeHandlerMethod(RequestMappingHandlerAdapter.java:895)
	at org.springframework.web.servlet.mvc.method.annotation.RequestMappingHandlerAdapter.handleInternal(RequestMappingHandlerAdapter.java:800)
	at org.springframework.web.servlet.mvc.method.AbstractHandlerMethodAdapter.handle(AbstractHandlerMethodAdapter.java:87)
	at org.springframework.web.servlet.DispatcherServlet.doDispatch(DispatcherServlet.java:1038)
	at org.springframework.web.servlet.DispatcherServlet.doService(DispatcherServlet.java:942)
	at org.springframework.web.servlet.FrameworkServlet.processRequest(FrameworkServlet.java:1005)
	at org.springframework.web.servlet.FrameworkServlet.doGet(FrameworkServlet.java:897)
	at javax.servlet.http.HttpServlet.service(HttpServlet.java:634)
	at org.springframework.web.servlet.FrameworkServlet.service(FrameworkServlet.java:882)
	at javax.servlet.http.HttpServlet.service(HttpServlet.java:741)
	at org.apache.catalina.core.ApplicationFilterChain.internalDoFilter(ApplicationFilterChain.java:231)
	at org.apache.catalina.core.ApplicationFilterChain.doFilter(ApplicationFilterChain.java:166)
	at org.apache.tomcat.websocket.server.WsFilter.doFilter(WsFilter.java:53)
	at org.apache.catalina.core.ApplicationFilterChain.internalDoFilter(ApplicationFilterChain.java:193)
	at org.apache.catalina.core.ApplicationFilterChain.doFilter(ApplicationFilterChain.java:166)
	at org.springframework.web.filter.RequestContextFilter.doFilterInternal(RequestContextFilter.java:99)
	at org.springframework.web.filter.OncePerRequestFilter.doFilter(OncePerRequestFilter.java:107)
	at org.apache.catalina.core.ApplicationFilterChain.internalDoFilter(ApplicationFilterChain.java:193)
	at org.apache.catalina.core.ApplicationFilterChain.doFilter(ApplicationFilterChain.java:166)
	at org.springframework.web.filter.FormContentFilter.doFilterInternal(FormContentFilter.java:92)
	at org.springframework.web.filter.OncePerRequestFilter.doFilter(OncePerRequestFilter.java:107)
	at org.apache.catalina.core.ApplicationFilterChain.internalDoFilter(ApplicationFilterChain.java:193)
	at org.apache.catalina.core.ApplicationFilterChain.doFilter(ApplicationFilterChain.java:166)
	at org.springframework.web.filter.HiddenHttpMethodFilter.doFilterInternal(HiddenHttpMethodFilter.java:93)
	at org.springframework.web.filter.OncePerRequestFilter.doFilter(OncePerRequestFilter.java:107)
	at org.apache.catalina.core.ApplicationFilterChain.internalDoFilter(ApplicationFilterChain.java:193)
	at org.apache.catalina.core.ApplicationFilterChain.doFilter(ApplicationFilterChain.java:166)
	at org.springframework.web.filter.CharacterEncodingFilter.doFilterInternal(CharacterEncodingFilter.java:200)
	at org.springframework.web.filter.OncePerRequestFilter.doFilter(OncePerRequestFilter.java:107)
	at org.apache.catalina.core.ApplicationFilterChain.internalDoFilter(ApplicationFilterChain.java:193)
	at org.apache.catalina.core.ApplicationFilterChain.doFilter(ApplicationFilterChain.java:166)
	at org.apache.catalina.core.StandardWrapperValve.invoke(StandardWrapperValve.java:199)
	at org.apache.catalina.core.StandardContextValve.invoke(StandardContextValve.java:96)
	at org.apache.catalina.authenticator.AuthenticatorBase.invoke(AuthenticatorBase.java:490)
	at org.apache.catalina.core.StandardHostValve.invoke(StandardHostValve.java:139)
	at org.apache.catalina.valves.ErrorReportValve.invoke(ErrorReportValve.java:92)
	at org.apache.catalina.core.StandardEngineValve.invoke(StandardEngineValve.java:74)
	at org.apache.catalina.connector.CoyoteAdapter.service(CoyoteAdapter.java:343)
	at org.apache.coyote.http11.Http11Processor.service(Http11Processor.java:408)
	at org.apache.coyote.AbstractProcessorLight.process(AbstractProcessorLight.java:66)
	at org.apache.coyote.AbstractProtocol$ConnectionHandler.process(AbstractProtocol.java:791)
	at org.apache.tomcat.util.net.NioEndpoint$SocketProcessor.doRun(NioEndpoint.java:1417)
	at org.apache.tomcat.util.net.SocketProcessorBase.run(SocketProcessorBase.java:49)
	at java.util.concurrent.ThreadPoolExecutor.runWorker(ThreadPoolExecutor.java:1149)
	at java.util.concurrent.ThreadPoolExecutor$Worker.run(ThreadPoolExecutor.java:624)
	at org.apache.tomcat.util.threads.TaskThread$WrappingRunnable.run(TaskThread.java:61)
	at java.lang.Thread.run(Thread.java:748)
2019-06-27 19:34:58 [http-nio-8000-exec-2] DEBUG o.s.w.s.m.m.a.HttpEntityMethodProcessor - Using 'text/plain', given [*/*] and supported [text/plain, */*, text/plain, */*, application/json, application/*+json, application/json, application/*+json, application/x-jackson-smile, application/cbor]
2019-06-27 19:34:58 [http-nio-8000-exec-2] DEBUG o.s.w.s.m.m.a.HttpEntityMethodProcessor - Writing ["服务不可用"]
2019-06-27 19:34:58 [http-nio-8000-exec-2] DEBUG o.s.w.s.m.m.a.ExceptionHandlerExceptionResolver - Resolved [java.lang.RuntimeException: 没有对应的枚举]
2019-06-27 19:34:58 [http-nio-8000-exec-2] DEBUG o.s.web.servlet.DispatcherServlet - Completed 200 OK
2019-06-27 20:00:00 [scheduling-1] INFO  c.d.video.common.task.ScheduledTask - ===>>>当前请求地址:http://caiji.kuyun98.com/inc/s_ldg_kkm3u8.php?ac=videolist&pg=1&h=&ids=&wd=<<<===
2019-06-27 20:00:05 [scheduling-1] WARN  com.zaxxer.hikari.pool.PoolBase - HikariPool-1 - Failed to validate connection com.mysql.cj.jdbc.ConnectionImpl@5a955cb5 (No operations allowed after connection closed.). Possibly consider using a shorter maxLifetime value.
2019-06-27 20:00:10 [scheduling-1] WARN  com.zaxxer.hikari.pool.PoolBase - HikariPool-1 - Failed to validate connection com.mysql.cj.jdbc.ConnectionImpl@2aa1dc8e (No operations allowed after connection closed.). Possibly consider using a shorter maxLifetime value.
2019-06-27 20:00:15 [scheduling-1] WARN  com.zaxxer.hikari.pool.PoolBase - HikariPool-1 - Failed to validate connection com.mysql.cj.jdbc.ConnectionImpl@20096ae3 (No operations allowed after connection closed.). Possibly consider using a shorter maxLifetime value.
2019-06-27 20:00:20 [scheduling-1] WARN  com.zaxxer.hikari.pool.PoolBase - HikariPool-1 - Failed to validate connection com.mysql.cj.jdbc.ConnectionImpl@4cd50352 (No operations allowed after connection closed.). Possibly consider using a shorter maxLifetime value.
2019-06-27 20:00:25 [scheduling-1] WARN  com.zaxxer.hikari.pool.PoolBase - HikariPool-1 - Failed to validate connection com.mysql.cj.jdbc.ConnectionImpl@777dfdce (No operations allowed after connection closed.). Possibly consider using a shorter maxLifetime value.
2019-06-27 20:00:30 [scheduling-1] WARN  com.zaxxer.hikari.pool.PoolBase - HikariPool-1 - Failed to validate connection com.mysql.cj.jdbc.ConnectionImpl@5c9660c6 (No operations allowed after connection closed.). Possibly consider using a shorter maxLifetime value.
2019-06-27 20:00:30 [scheduling-1] ERROR o.s.s.s.TaskUtils$LoggingErrorHandler - Unexpected error occurred in scheduled task.
org.springframework.transaction.CannotCreateTransactionException: Could not open JDBC Connection for transaction; nested exception is java.sql.SQLTransientConnectionException: HikariPool-1 - Connection is not available, request timed out after 30042ms.
	at org.springframework.jdbc.datasource.DataSourceTransactionManager.doBegin(DataSourceTransactionManager.java:305)
	at org.springframework.transaction.support.AbstractPlatformTransactionManager.getTransaction(AbstractPlatformTransactionManager.java:378)
	at org.springframework.transaction.interceptor.TransactionAspectSupport.createTransactionIfNecessary(TransactionAspectSupport.java:474)
	at org.springframework.transaction.interceptor.TransactionAspectSupport.invokeWithinTransaction(TransactionAspectSupport.java:289)
	at org.springframework.transaction.interceptor.TransactionInterceptor.invoke(TransactionInterceptor.java:98)
	at org.springframework.aop.framework.ReflectiveMethodInvocation.proceed(ReflectiveMethodInvocation.java:186)
	at org.springframework.aop.framework.CglibAopProxy$DynamicAdvisedInterceptor.intercept(CglibAopProxy.java:688)
	at VideoServiceImpl$$EnhancerBySpringCGLIB$$6675b8b6.addVideo(<generated>)
	at ScheduledTask.saveVideo(ScheduledTask.java:183)
	at ScheduledTask.collectVideo(ScheduledTask.java:92)
	at sun.reflect.NativeMethodAccessorImpl.invoke0(Native Method)
	at sun.reflect.NativeMethodAccessorImpl.invoke(NativeMethodAccessorImpl.java:62)
	at sun.reflect.DelegatingMethodAccessorImpl.invoke(DelegatingMethodAccessorImpl.java:43)
	at java.lang.reflect.Method.invoke(Method.java:498)
	at org.springframework.scheduling.support.ScheduledMethodRunnable.run(ScheduledMethodRunnable.java:84)
	at org.springframework.scheduling.support.DelegatingErrorHandlingRunnable.run(DelegatingErrorHandlingRunnable.java:54)
	at org.springframework.scheduling.concurrent.ReschedulingRunnable.run(ReschedulingRunnable.java:93)
	at java.util.concurrent.Executors$RunnableAdapter.call(Executors.java:511)
	at java.util.concurrent.FutureTask.run$$$capture(FutureTask.java:266)
	at java.util.concurrent.FutureTask.run(FutureTask.java)
	at java.util.concurrent.ScheduledThreadPoolExecutor$ScheduledFutureTask.access$201(ScheduledThreadPoolExecutor.java:180)
	at java.util.concurrent.ScheduledThreadPoolExecutor$ScheduledFutureTask.run(ScheduledThreadPoolExecutor.java:293)
	at java.util.concurrent.ThreadPoolExecutor.runWorker(ThreadPoolExecutor.java:1149)
	at java.util.concurrent.ThreadPoolExecutor$Worker.run(ThreadPoolExecutor.java:624)
	at java.lang.Thread.run(Thread.java:748)
Caused by: java.sql.SQLTransientConnectionException: HikariPool-1 - Connection is not available, request timed out after 30042ms.
	at com.zaxxer.hikari.pool.HikariPool.createTimeoutException(HikariPool.java:676)
	at com.zaxxer.hikari.pool.HikariPool.getConnection(HikariPool.java:190)
	at com.zaxxer.hikari.pool.HikariPool.getConnection(HikariPool.java:155)
	at com.zaxxer.hikari.HikariDataSource.getConnection(HikariDataSource.java:128)
	at org.springframework.jdbc.datasource.DataSourceTransactionManager.doBegin(DataSourceTransactionManager.java:262)
	... 24 common frames omitted
Caused by: java.sql.SQLNonTransientConnectionException: No operations allowed after connection closed.
	at com.mysql.cj.jdbc.exceptions.SQLError.createSQLException(SQLError.java:110)
	at com.mysql.cj.jdbc.exceptions.SQLError.createSQLException(SQLError.java:97)
	at com.mysql.cj.jdbc.exceptions.SQLError.createSQLException(SQLError.java:89)
	at com.mysql.cj.jdbc.exceptions.SQLError.createSQLException(SQLError.java:63)
	at com.mysql.cj.jdbc.exceptions.SQLError.createSQLException(SQLError.java:73)
	at com.mysql.cj.jdbc.exceptions.SQLExceptionsMapping.translateException(SQLExceptionsMapping.java:73)
	at com.mysql.cj.jdbc.ConnectionImpl.setNetworkTimeout(ConnectionImpl.java:2508)
	at com.zaxxer.hikari.pool.PoolBase.setNetworkTimeout(PoolBase.java:550)
	at com.zaxxer.hikari.pool.PoolBase.isConnectionAlive(PoolBase.java:165)
	at com.zaxxer.hikari.pool.HikariPool.getConnection(HikariPool.java:179)
	... 27 common frames omitted
Caused by: com.mysql.cj.exceptions.ConnectionIsClosedException: No operations allowed after connection closed.
	at sun.reflect.NativeConstructorAccessorImpl.newInstance0(Native Method)
	at sun.reflect.NativeConstructorAccessorImpl.newInstance(NativeConstructorAccessorImpl.java:62)
	at sun.reflect.DelegatingConstructorAccessorImpl.newInstance(DelegatingConstructorAccessorImpl.java:45)
	at java.lang.reflect.Constructor.newInstance(Constructor.java:423)
	at com.mysql.cj.exceptions.ExceptionFactory.createException(ExceptionFactory.java:61)
	at com.mysql.cj.exceptions.ExceptionFactory.createException(ExceptionFactory.java:105)
	at com.mysql.cj.exceptions.ExceptionFactory.createException(ExceptionFactory.java:151)
	at com.mysql.cj.NativeSession.checkClosed(NativeSession.java:1259)
	at com.mysql.cj.jdbc.ConnectionImpl.checkClosed(ConnectionImpl.java:575)
	at com.mysql.cj.jdbc.ConnectionImpl.setNetworkTimeout(ConnectionImpl.java:2504)
	... 30 common frames omitted
Caused by: com.mysql.cj.exceptions.CJCommunicationsException: Communications link failure

The last packet successfully received from the server was 1,614,441 milliseconds ago.  The last packet sent successfully to the server was 1,614,498 milliseconds ago.
	at sun.reflect.NativeConstructorAccessorImpl.newInstance0(Native Method)
	at sun.reflect.NativeConstructorAccessorImpl.newInstance(NativeConstructorAccessorImpl.java:62)
	at sun.reflect.DelegatingConstructorAccessorImpl.newInstance(DelegatingConstructorAccessorImpl.java:45)
	at java.lang.reflect.Constructor.newInstance(Constructor.java:423)
	at com.mysql.cj.exceptions.ExceptionFactory.createException(ExceptionFactory.java:61)
	at com.mysql.cj.exceptions.ExceptionFactory.createException(ExceptionFactory.java:105)
	at com.mysql.cj.exceptions.ExceptionFactory.createException(ExceptionFactory.java:151)
	at com.mysql.cj.exceptions.ExceptionFactory.createCommunicationsException(ExceptionFactory.java:167)
	at com.mysql.cj.protocol.a.NativeProtocol.readMessage(NativeProtocol.java:555)
	at com.mysql.cj.protocol.a.NativeProtocol.checkErrorMessage(NativeProtocol.java:725)
	at com.mysql.cj.protocol.a.NativeProtocol.sendCommand(NativeProtocol.java:664)
	at com.mysql.cj.protocol.a.NativeProtocol.sendQueryPacket(NativeProtocol.java:979)
	at com.mysql.cj.protocol.a.NativeProtocol.sendQueryString(NativeProtocol.java:914)
	at com.mysql.cj.NativeSession.execSQL(NativeSession.java:1150)
	at com.mysql.cj.jdbc.StatementImpl.executeInternal(StatementImpl.java:742)
	at com.mysql.cj.jdbc.StatementImpl.execute(StatementImpl.java:666)
	at com.zaxxer.hikari.pool.PoolBase.isConnectionAlive(PoolBase.java:161)
	... 28 common frames omitted
Caused by: java.net.SocketTimeoutException: Read timed out
	at java.net.SocketInputStream.socketRead0(Native Method)
	at java.net.SocketInputStream.socketRead(SocketInputStream.java:116)
	at java.net.SocketInputStream.read(SocketInputStream.java:171)
	at java.net.SocketInputStream.read(SocketInputStream.java:141)
	at com.mysql.cj.protocol.ReadAheadInputStream.fill(ReadAheadInputStream.java:107)
	at com.mysql.cj.protocol.ReadAheadInputStream.readFromUnderlyingStreamIfNecessary(ReadAheadInputStream.java:150)
	at com.mysql.cj.protocol.ReadAheadInputStream.read(ReadAheadInputStream.java:180)
	at java.io.FilterInputStream.read(FilterInputStream.java:133)
	at com.mysql.cj.protocol.FullReadInputStream.readFully(FullReadInputStream.java:64)
	at com.mysql.cj.protocol.a.SimplePacketReader.readHeader(SimplePacketReader.java:63)
	at com.mysql.cj.protocol.a.SimplePacketReader.readHeader(SimplePacketReader.java:45)
	at com.mysql.cj.protocol.a.TimeTrackingPacketReader.readHeader(TimeTrackingPacketReader.java:52)
	at com.mysql.cj.protocol.a.TimeTrackingPacketReader.readHeader(TimeTrackingPacketReader.java:41)
	at com.mysql.cj.protocol.a.MultiPacketReader.readHeader(MultiPacketReader.java:54)
	at com.mysql.cj.protocol.a.MultiPacketReader.readHeader(MultiPacketReader.java:44)
	at com.mysql.cj.protocol.a.NativeProtocol.readMessage(NativeProtocol.java:549)
	... 36 common frames omitted
2019-06-27 22:28:58 [HikariPool-1 housekeeper] WARN  com.zaxxer.hikari.pool.HikariPool - HikariPool-1 - Thread starvation or clock leap detected (housekeeper delta=53s366ms).
2019-06-27 22:39:05 [Thread-9] INFO  o.s.s.c.ThreadPoolTaskScheduler - Shutting down ExecutorService 'taskScheduler'
2019-06-27 22:39:05 [Thread-9] INFO  o.s.s.c.ThreadPoolTaskExecutor - Shutting down ExecutorService 'applicationTaskExecutor'
2019-06-27 22:39:05 [Thread-9] INFO  com.zaxxer.hikari.HikariDataSource - HikariPool-1 - Shutdown initiated...
2019-06-27 22:39:05 [Thread-9] INFO  com.zaxxer.hikari.HikariDataSource - HikariPool-1 - Shutdown completed.
